{"/home/user/bonfire/firebase.json": {"path":"/home/user/bonfire/firebase.json","statementMap":{},"fnMap":{},"branchMap":{},"s":{},"f":{},"b":{},"meta":{"lastBranch":0,"lastFunction":0,"lastStatement":0,"seen":{}}}
,"/home/user/bonfire/src/firebase.js": {"path":"/home/user/bonfire/src/firebase.js","statementMap":{"0":{"start":{"line":5,"column":23},"end":{"line":13,"column":1}},"1":{"start":{"line":16,"column":11},"end":{"line":16,"column":41}},"2":{"start":{"line":17,"column":12},"end":{"line":17,"column":25}},"3":{"start":{"line":18,"column":17},"end":{"line":18,"column":35}},"4":{"start":{"line":21,"column":0},"end":{"line":21,"column":null}}},"fnMap":{},"branchMap":{},"s":{"0":5,"1":5,"2":5,"3":5,"4":5},"f":{},"b":{},"meta":{"lastBranch":0,"lastFunction":0,"lastStatement":5,"seen":{"s:5:23:13:1":0,"s:16:11:16:41":1,"s:17:12:17:25":2,"s:18:17:18:35":3,"s:21:0:21:Infinity":4}}}
,"/home/user/bonfire/src/assets/Bell.png": {"path":"/home/user/bonfire/src/assets/Bell.png","statementMap":{},"fnMap":{},"branchMap":{},"s":{},"f":{},"b":{},"meta":{"lastBranch":0,"lastFunction":0,"lastStatement":0,"seen":{}}}
,"/home/user/bonfire/src/assets/Settings.svg": {"path":"/home/user/bonfire/src/assets/Settings.svg","statementMap":{},"fnMap":{},"branchMap":{},"s":{},"f":{},"b":{},"meta":{"lastBranch":0,"lastFunction":0,"lastStatement":0,"seen":{}}}
,"/home/user/bonfire/src/assets/images/Logo.png": {"path":"/home/user/bonfire/src/assets/images/Logo.png","statementMap":{},"fnMap":{},"branchMap":{},"s":{},"f":{},"b":{},"meta":{"lastBranch":0,"lastFunction":0,"lastStatement":0,"seen":{}}}
,"/home/user/bonfire/src/assets/images/arrow.png": {"path":"/home/user/bonfire/src/assets/images/arrow.png","statementMap":{},"fnMap":{},"branchMap":{},"s":{},"f":{},"b":{},"meta":{"lastBranch":0,"lastFunction":0,"lastStatement":0,"seen":{}}}
,"/home/user/bonfire/src/assets/images/message.png": {"path":"/home/user/bonfire/src/assets/images/message.png","statementMap":{},"fnMap":{},"branchMap":{},"s":{},"f":{},"b":{},"meta":{"lastBranch":0,"lastFunction":0,"lastStatement":0,"seen":{}}}
,"/home/user/bonfire/src/assets/images/right-arrow.png": {"path":"/home/user/bonfire/src/assets/images/right-arrow.png","statementMap":{},"fnMap":{},"branchMap":{},"s":{},"f":{},"b":{},"meta":{"lastBranch":0,"lastFunction":0,"lastStatement":0,"seen":{}}}
,"/home/user/bonfire/src/css/FriendRequests.css": {"path":"/home/user/bonfire/src/css/FriendRequests.css","statementMap":{},"fnMap":{},"branchMap":{},"s":{},"f":{},"b":{},"meta":{"lastBranch":0,"lastFunction":0,"lastStatement":0,"seen":{}}}
,"/home/user/bonfire/src/css/Layout.css": {"path":"/home/user/bonfire/src/css/Layout.css","statementMap":{},"fnMap":{},"branchMap":{},"s":{},"f":{},"b":{},"meta":{"lastBranch":0,"lastFunction":0,"lastStatement":0,"seen":{}}}
,"/home/user/bonfire/src/css/Settings.css": {"path":"/home/user/bonfire/src/css/Settings.css","statementMap":{},"fnMap":{},"branchMap":{},"s":{},"f":{},"b":{},"meta":{"lastBranch":0,"lastFunction":0,"lastStatement":0,"seen":{}}}
,"/home/user/bonfire/src/css/account.css": {"path":"/home/user/bonfire/src/css/account.css","statementMap":{},"fnMap":{},"branchMap":{},"s":{},"f":{},"b":{},"meta":{"lastBranch":0,"lastFunction":0,"lastStatement":0,"seen":{}}}
,"/home/user/bonfire/src/css/addfriends.css": {"path":"/home/user/bonfire/src/css/addfriends.css","statementMap":{},"fnMap":{},"branchMap":{},"s":{},"f":{},"b":{},"meta":{"lastBranch":0,"lastFunction":0,"lastStatement":0,"seen":{}}}
,"/home/user/bonfire/src/css/chat.css": {"path":"/home/user/bonfire/src/css/chat.css","statementMap":{},"fnMap":{},"branchMap":{},"s":{},"f":{},"b":{},"meta":{"lastBranch":0,"lastFunction":0,"lastStatement":0,"seen":{}}}
,"/home/user/bonfire/src/css/friends.css": {"path":"/home/user/bonfire/src/css/friends.css","statementMap":{},"fnMap":{},"branchMap":{},"s":{},"f":{},"b":{},"meta":{"lastBranch":0,"lastFunction":0,"lastStatement":0,"seen":{}}}
,"/home/user/bonfire/src/css/global.css": {"path":"/home/user/bonfire/src/css/global.css","statementMap":{},"fnMap":{},"branchMap":{},"s":{},"f":{},"b":{},"meta":{"lastBranch":0,"lastFunction":0,"lastStatement":0,"seen":{}}}
,"/home/user/bonfire/src/css/login.css": {"path":"/home/user/bonfire/src/css/login.css","statementMap":{},"fnMap":{},"branchMap":{},"s":{},"f":{},"b":{},"meta":{"lastBranch":0,"lastFunction":0,"lastStatement":0,"seen":{}}}
,"/home/user/bonfire/src/css/messages.css": {"path":"/home/user/bonfire/src/css/messages.css","statementMap":{},"fnMap":{},"branchMap":{},"s":{},"f":{},"b":{},"meta":{"lastBranch":0,"lastFunction":0,"lastStatement":0,"seen":{}}}
,"/home/user/bonfire/src/css/notifications.css": {"path":"/home/user/bonfire/src/css/notifications.css","statementMap":{},"fnMap":{},"branchMap":{},"s":{},"f":{},"b":{},"meta":{"lastBranch":0,"lastFunction":0,"lastStatement":0,"seen":{}}}
,"/home/user/bonfire/src/css/optionsMenu.css": {"path":"/home/user/bonfire/src/css/optionsMenu.css","statementMap":{},"fnMap":{},"branchMap":{},"s":{},"f":{},"b":{},"meta":{"lastBranch":0,"lastFunction":0,"lastStatement":0,"seen":{}}}
,"/home/user/bonfire/src/css/personalization.css": {"path":"/home/user/bonfire/src/css/personalization.css","statementMap":{},"fnMap":{},"branchMap":{},"s":{},"f":{},"b":{},"meta":{"lastBranch":0,"lastFunction":0,"lastStatement":0,"seen":{}}}
,"/home/user/bonfire/src/css/welcome.css": {"path":"/home/user/bonfire/src/css/welcome.css","statementMap":{},"fnMap":{},"branchMap":{},"s":{},"f":{},"b":{},"meta":{"lastBranch":0,"lastFunction":0,"lastStatement":0,"seen":{}}}
,"/home/user/bonfire/src/react/Account.jsx": {"path":"/home/user/bonfire/src/react/Account.jsx","statementMap":{"0":{"start":{"line":7,"column":8},"end":{"line":7,"column":null}},"1":{"start":{"line":8,"column":31},"end":{"line":8,"column":null}},"2":{"start":{"line":10,"column":2},"end":{"line":12,"column":null}},"3":{"start":{"line":11,"column":4},"end":{"line":11,"column":null}},"4":{"start":{"line":14,"column":2},"end":{"line":16,"column":null}},"5":{"start":{"line":15,"column":4},"end":{"line":15,"column":null}},"6":{"start":{"line":19,"column":22},"end":{"line":19,"column":null}},"7":{"start":{"line":20,"column":14},"end":{"line":20,"column":null}},"8":{"start":{"line":21,"column":17},"end":{"line":21,"column":null}},"9":{"start":{"line":22,"column":24},"end":{"line":22,"column":null}},"10":{"start":{"line":23,"column":18},"end":{"line":23,"column":null}},"11":{"start":{"line":25,"column":2},"end":{"line":54,"column":null}},"12":{"start":{"line":47,"column":52},"end":{"line":47,"column":78}},"13":{"start":{"line":50,"column":52},"end":{"line":50,"column":86}}},"fnMap":{"0":{"name":"Account","decl":{"start":{"line":6,"column":24},"end":{"line":6,"column":34}},"loc":{"start":{"line":6,"column":34},"end":{"line":56,"column":null}},"line":6},"1":{"name":"(anonymous_1)","decl":{"start":{"line":47,"column":46},"end":{"line":47,"column":52}},"loc":{"start":{"line":47,"column":52},"end":{"line":47,"column":78}},"line":47},"2":{"name":"(anonymous_2)","decl":{"start":{"line":50,"column":46},"end":{"line":50,"column":52}},"loc":{"start":{"line":50,"column":52},"end":{"line":50,"column":86}},"line":50}},"branchMap":{"0":{"loc":{"start":{"line":10,"column":2},"end":{"line":12,"column":null}},"type":"if","locations":[{"start":{"line":10,"column":2},"end":{"line":12,"column":null}},{"start":{},"end":{}}],"line":10},"1":{"loc":{"start":{"line":14,"column":2},"end":{"line":16,"column":null}},"type":"if","locations":[{"start":{"line":14,"column":2},"end":{"line":16,"column":null}},{"start":{},"end":{}}],"line":14},"2":{"loc":{"start":{"line":19,"column":22},"end":{"line":19,"column":null}},"type":"binary-expr","locations":[{"start":{"line":19,"column":22},"end":{"line":19,"column":49}},{"start":{"line":19,"column":49},"end":{"line":19,"column":null}}],"line":19},"3":{"loc":{"start":{"line":20,"column":14},"end":{"line":20,"column":null}},"type":"binary-expr","locations":[{"start":{"line":20,"column":14},"end":{"line":20,"column":33}},{"start":{"line":20,"column":33},"end":{"line":20,"column":null}}],"line":20},"4":{"loc":{"start":{"line":21,"column":17},"end":{"line":21,"column":null}},"type":"binary-expr","locations":[{"start":{"line":21,"column":17},"end":{"line":21,"column":39}},{"start":{"line":21,"column":39},"end":{"line":21,"column":null}}],"line":21},"5":{"loc":{"start":{"line":22,"column":24},"end":{"line":22,"column":null}},"type":"binary-expr","locations":[{"start":{"line":22,"column":24},"end":{"line":22,"column":53}},{"start":{"line":22,"column":53},"end":{"line":22,"column":null}}],"line":22},"6":{"loc":{"start":{"line":23,"column":18},"end":{"line":23,"column":null}},"type":"binary-expr","locations":[{"start":{"line":23,"column":18},"end":{"line":23,"column":41}},{"start":{"line":23,"column":41},"end":{"line":23,"column":null}}],"line":23}},"s":{"0":7,"1":7,"2":7,"3":1,"4":6,"5":1,"6":5,"7":7,"8":7,"9":7,"10":7,"11":7,"12":1,"13":1},"f":{"0":7,"1":1,"2":1},"b":{"0":[1,6],"1":[1,5],"2":[5,4],"3":[7,4],"4":[7,4],"5":[7,5],"6":[7,5]},"meta":{"lastBranch":7,"lastFunction":3,"lastStatement":14,"seen":{"f:6:24:6:34":0,"s:7:8:7:Infinity":0,"s:8:31:8:Infinity":1,"b:10:2:12:Infinity:undefined:undefined:undefined:undefined":0,"s:10:2:12:Infinity":2,"s:11:4:11:Infinity":3,"b:14:2:16:Infinity:undefined:undefined:undefined:undefined":1,"s:14:2:16:Infinity":4,"s:15:4:15:Infinity":5,"s:19:22:19:Infinity":6,"b:19:22:19:49:19:49:19:Infinity":2,"s:20:14:20:Infinity":7,"b:20:14:20:33:20:33:20:Infinity":3,"s:21:17:21:Infinity":8,"b:21:17:21:39:21:39:21:Infinity":4,"s:22:24:22:Infinity":9,"b:22:24:22:53:22:53:22:Infinity":5,"s:23:18:23:Infinity":10,"b:23:18:23:41:23:41:23:Infinity":6,"s:25:2:54:Infinity":11,"f:47:46:47:52":1,"s:47:52:47:78":12,"f:50:46:50:52":2,"s:50:52:50:86":13}}}
,"/home/user/bonfire/src/react/AddFriends.jsx": {"path":"/home/user/bonfire/src/react/AddFriends.jsx","statementMap":{"0":{"start":{"line":9,"column":30},"end":{"line":9,"column":null}},"1":{"start":{"line":10,"column":38},"end":{"line":10,"column":null}},"2":{"start":{"line":11,"column":42},"end":{"line":11,"column":null}},"3":{"start":{"line":12,"column":30},"end":{"line":12,"column":null}},"4":{"start":{"line":13,"column":26},"end":{"line":13,"column":null}},"5":{"start":{"line":14,"column":10},"end":{"line":14,"column":null}},"6":{"start":{"line":16,"column":25},"end":{"line":18,"column":null}},"7":{"start":{"line":17,"column":8},"end":{"line":17,"column":null}},"8":{"start":{"line":20,"column":25},"end":{"line":50,"column":null}},"9":{"start":{"line":21,"column":8},"end":{"line":21,"column":null}},"10":{"start":{"line":22,"column":8},"end":{"line":22,"column":null}},"11":{"start":{"line":23,"column":8},"end":{"line":23,"column":null}},"12":{"start":{"line":24,"column":8},"end":{"line":24,"column":null}},"13":{"start":{"line":26,"column":29},"end":{"line":26,"column":null}},"14":{"start":{"line":28,"column":8},"end":{"line":31,"column":null}},"15":{"start":{"line":29,"column":12},"end":{"line":29,"column":null}},"16":{"start":{"line":30,"column":12},"end":{"line":30,"column":null}},"17":{"start":{"line":33,"column":8},"end":{"line":49,"column":null}},"18":{"start":{"line":34,"column":18},"end":{"line":34,"column":null}},"19":{"start":{"line":35,"column":18},"end":{"line":35,"column":null}},"20":{"start":{"line":36,"column":34},"end":{"line":36,"column":null}},"21":{"start":{"line":38,"column":26},"end":{"line":40,"column":null}},"22":{"start":{"line":39,"column":29},"end":{"line":39,"column":59}},"23":{"start":{"line":40,"column":32},"end":{"line":40,"column":59}},"24":{"start":{"line":42,"column":12},"end":{"line":42,"column":null}},"25":{"start":{"line":43,"column":12},"end":{"line":45,"column":null}},"26":{"start":{"line":44,"column":16},"end":{"line":44,"column":null}},"27":{"start":{"line":47,"column":12},"end":{"line":47,"column":null}},"28":{"start":{"line":48,"column":12},"end":{"line":48,"column":null}},"29":{"start":{"line":52,"column":30},"end":{"line":73,"column":null}},"30":{"start":{"line":53,"column":8},"end":{"line":53,"column":null}},"31":{"start":{"line":54,"column":8},"end":{"line":54,"column":null}},"32":{"start":{"line":56,"column":8},"end":{"line":72,"column":null}},"33":{"start":{"line":57,"column":32},"end":{"line":57,"column":null}},"34":{"start":{"line":58,"column":30},"end":{"line":58,"column":null}},"35":{"start":{"line":59,"column":18},"end":{"line":59,"column":null}},"36":{"start":{"line":61,"column":12},"end":{"line":66,"column":null}},"37":{"start":{"line":68,"column":12},"end":{"line":68,"column":null}},"38":{"start":{"line":70,"column":12},"end":{"line":70,"column":null}},"39":{"start":{"line":71,"column":12},"end":{"line":71,"column":null}},"40":{"start":{"line":75,"column":4},"end":{"line":105,"column":null}},"41":{"start":{"line":83,"column":41},"end":{"line":83,"column":null}},"42":{"start":{"line":94,"column":20},"end":{"line":98,"column":null}},"43":{"start":{"line":97,"column":47},"end":{"line":97,"column":72}}},"fnMap":{"0":{"name":"AddFriends","decl":{"start":{"line":8,"column":9},"end":{"line":8,"column":22}},"loc":{"start":{"line":8,"column":22},"end":{"line":107,"column":null}},"line":8},"1":{"name":"(anonymous_1)","decl":{"start":{"line":16,"column":25},"end":{"line":16,"column":31}},"loc":{"start":{"line":16,"column":31},"end":{"line":18,"column":null}},"line":16},"2":{"name":"(anonymous_2)","decl":{"start":{"line":20,"column":25},"end":{"line":20,"column":32}},"loc":{"start":{"line":20,"column":38},"end":{"line":50,"column":null}},"line":20},"3":{"name":"(anonymous_3)","decl":{"start":{"line":39,"column":21},"end":{"line":39,"column":29}},"loc":{"start":{"line":39,"column":29},"end":{"line":39,"column":59}},"line":39},"4":{"name":"(anonymous_4)","decl":{"start":{"line":40,"column":24},"end":{"line":40,"column":32}},"loc":{"start":{"line":40,"column":32},"end":{"line":40,"column":59}},"line":40},"5":{"name":"(anonymous_5)","decl":{"start":{"line":52,"column":30},"end":{"line":52,"column":37}},"loc":{"start":{"line":52,"column":51},"end":{"line":73,"column":null}},"line":52},"6":{"name":"(anonymous_6)","decl":{"start":{"line":83,"column":34},"end":{"line":83,"column":35}},"loc":{"start":{"line":83,"column":41},"end":{"line":83,"column":null}},"line":83},"7":{"name":"(anonymous_7)","decl":{"start":{"line":93,"column":35},"end":{"line":93,"column":null}},"loc":{"start":{"line":94,"column":20},"end":{"line":98,"column":null}},"line":94},"8":{"name":"(anonymous_8)","decl":{"start":{"line":97,"column":41},"end":{"line":97,"column":47}},"loc":{"start":{"line":97,"column":47},"end":{"line":97,"column":72}},"line":97}},"branchMap":{"0":{"loc":{"start":{"line":28,"column":8},"end":{"line":31,"column":null}},"type":"if","locations":[{"start":{"line":28,"column":8},"end":{"line":31,"column":null}},{"start":{},"end":{}}],"line":28},"1":{"loc":{"start":{"line":43,"column":12},"end":{"line":45,"column":null}},"type":"if","locations":[{"start":{"line":43,"column":12},"end":{"line":45,"column":null}},{"start":{},"end":{}}],"line":43},"2":{"loc":{"start":{"line":89,"column":13},"end":{"line":89,"column":null}},"type":"binary-expr","locations":[{"start":{"line":89,"column":13},"end":{"line":89,"column":24}},{"start":{"line":89,"column":24},"end":{"line":89,"column":null}}],"line":89},"3":{"loc":{"start":{"line":90,"column":13},"end":{"line":90,"column":null}},"type":"binary-expr","locations":[{"start":{"line":90,"column":13},"end":{"line":90,"column":22}},{"start":{"line":90,"column":22},"end":{"line":90,"column":null}}],"line":90},"4":{"loc":{"start":{"line":95,"column":34},"end":{"line":95,"column":79}},"type":"binary-expr","locations":[{"start":{"line":95,"column":34},"end":{"line":95,"column":49}},{"start":{"line":95,"column":49},"end":{"line":95,"column":79}}],"line":95}},"s":{"0":0,"1":0,"2":0,"3":0,"4":0,"5":0,"6":0,"7":0,"8":0,"9":0,"10":0,"11":0,"12":0,"13":0,"14":0,"15":0,"16":0,"17":0,"18":0,"19":0,"20":0,"21":0,"22":0,"23":0,"24":0,"25":0,"26":0,"27":0,"28":0,"29":0,"30":0,"31":0,"32":0,"33":0,"34":0,"35":0,"36":0,"37":0,"38":0,"39":0,"40":0,"41":0,"42":0,"43":0},"f":{"0":0,"1":0,"2":0,"3":0,"4":0,"5":0,"6":0,"7":0,"8":0},"b":{"0":[0,0],"1":[0,0],"2":[0,0],"3":[0,0],"4":[0,0]},"meta":{"lastBranch":5,"lastFunction":9,"lastStatement":44,"seen":{"f:8:9:8:22":0,"s:9:30:9:Infinity":0,"s:10:38:10:Infinity":1,"s:11:42:11:Infinity":2,"s:12:30:12:Infinity":3,"s:13:26:13:Infinity":4,"s:14:10:14:Infinity":5,"s:16:25:18:Infinity":6,"f:16:25:16:31":1,"s:17:8:17:Infinity":7,"s:20:25:50:Infinity":8,"f:20:25:20:32":2,"s:21:8:21:Infinity":9,"s:22:8:22:Infinity":10,"s:23:8:23:Infinity":11,"s:24:8:24:Infinity":12,"s:26:29:26:Infinity":13,"b:28:8:31:Infinity:undefined:undefined:undefined:undefined":0,"s:28:8:31:Infinity":14,"s:29:12:29:Infinity":15,"s:30:12:30:Infinity":16,"s:33:8:49:Infinity":17,"s:34:18:34:Infinity":18,"s:35:18:35:Infinity":19,"s:36:34:36:Infinity":20,"s:38:26:40:Infinity":21,"f:39:21:39:29":3,"s:39:29:39:59":22,"f:40:24:40:32":4,"s:40:32:40:59":23,"s:42:12:42:Infinity":24,"b:43:12:45:Infinity:undefined:undefined:undefined:undefined":1,"s:43:12:45:Infinity":25,"s:44:16:44:Infinity":26,"s:47:12:47:Infinity":27,"s:48:12:48:Infinity":28,"s:52:30:73:Infinity":29,"f:52:30:52:37":5,"s:53:8:53:Infinity":30,"s:54:8:54:Infinity":31,"s:56:8:72:Infinity":32,"s:57:32:57:Infinity":33,"s:58:30:58:Infinity":34,"s:59:18:59:Infinity":35,"s:61:12:66:Infinity":36,"s:68:12:68:Infinity":37,"s:70:12:70:Infinity":38,"s:71:12:71:Infinity":39,"s:75:4:105:Infinity":40,"f:83:34:83:35":6,"s:83:41:83:Infinity":41,"b:89:13:89:24:89:24:89:Infinity":2,"b:90:13:90:22:90:22:90:Infinity":3,"f:93:35:93:Infinity":7,"s:94:20:98:Infinity":42,"b:95:34:95:49:95:49:95:79":4,"f:97:41:97:47":8,"s:97:47:97:72":43}}}
,"/home/user/bonfire/src/react/App.jsx": {"path":"/home/user/bonfire/src/react/App.jsx","statementMap":{"0":{"start":{"line":18,"column":23},"end":{"line":28,"column":null}},"1":{"start":{"line":19,"column":4},"end":{"line":21,"column":null}},"2":{"start":{"line":20,"column":8},"end":{"line":20,"column":null}},"3":{"start":{"line":22,"column":4},"end":{"line":26,"column":null}},"4":{"start":{"line":30,"column":12},"end":{"line":61,"column":null}},"5":{"start":{"line":31,"column":26},"end":{"line":31,"column":null}},"6":{"start":{"line":33,"column":4},"end":{"line":35,"column":null}},"7":{"start":{"line":34,"column":8},"end":{"line":34,"column":null}},"8":{"start":{"line":37,"column":4},"end":{"line":59,"column":null}}},"fnMap":{"0":{"name":"(anonymous_0)","decl":{"start":{"line":18,"column":23},"end":{"line":18,"column":24}},"loc":{"start":{"line":18,"column":47},"end":{"line":28,"column":null}},"line":18},"1":{"name":"(anonymous_1)","decl":{"start":{"line":30,"column":12},"end":{"line":30,"column":18}},"loc":{"start":{"line":30,"column":18},"end":{"line":61,"column":null}},"line":30}},"branchMap":{"0":{"loc":{"start":{"line":19,"column":4},"end":{"line":21,"column":null}},"type":"if","locations":[{"start":{"line":19,"column":4},"end":{"line":21,"column":null}},{"start":{},"end":{}}],"line":19},"1":{"loc":{"start":{"line":33,"column":4},"end":{"line":35,"column":null}},"type":"if","locations":[{"start":{"line":33,"column":4},"end":{"line":35,"column":null}},{"start":{},"end":{}}],"line":33},"2":{"loc":{"start":{"line":39,"column":41},"end":{"line":39,"column":84}},"type":"cond-expr","locations":[{"start":{"line":39,"column":48},"end":{"line":39,"column":73}},{"start":{"line":39,"column":73},"end":{"line":39,"column":84}}],"line":39},"3":{"loc":{"start":{"line":40,"column":43},"end":{"line":40,"column":87}},"type":"cond-expr","locations":[{"start":{"line":40,"column":50},"end":{"line":40,"column":75}},{"start":{"line":40,"column":75},"end":{"line":40,"column":87}}],"line":40}},"s":{"0":1,"1":1,"2":1,"3":0,"4":1,"5":1,"6":1,"7":0,"8":1},"f":{"0":1,"1":1},"b":{"0":[1,0],"1":[0,1],"2":[0,1],"3":[0,1]},"meta":{"lastBranch":4,"lastFunction":2,"lastStatement":9,"seen":{"s:18:23:28:Infinity":0,"f:18:23:18:24":0,"b:19:4:21:Infinity:undefined:undefined:undefined:undefined":0,"s:19:4:21:Infinity":1,"s:20:8:20:Infinity":2,"s:22:4:26:Infinity":3,"s:30:12:61:Infinity":4,"f:30:12:30:18":1,"s:31:26:31:Infinity":5,"b:33:4:35:Infinity:undefined:undefined:undefined:undefined":1,"s:33:4:35:Infinity":6,"s:34:8:34:Infinity":7,"s:37:4:59:Infinity":8,"b:39:48:39:73:39:73:39:84":2,"b:40:50:40:75:40:75:40:87":3}}}
,"/home/user/bonfire/src/react/Chat.jsx": {"path":"/home/user/bonfire/src/react/Chat.jsx","statementMap":{"0":{"start":{"line":9,"column":16},"end":{"line":19,"column":null}},"1":{"start":{"line":10,"column":4},"end":{"line":19,"column":null}},"2":{"start":{"line":22,"column":21},"end":{"line":42,"column":null}},"3":{"start":{"line":23,"column":36},"end":{"line":23,"column":null}},"4":{"start":{"line":25,"column":25},"end":{"line":29,"column":null}},"5":{"start":{"line":26,"column":8},"end":{"line":26,"column":null}},"6":{"start":{"line":27,"column":8},"end":{"line":27,"column":null}},"7":{"start":{"line":28,"column":8},"end":{"line":28,"column":null}},"8":{"start":{"line":31,"column":4},"end":{"line":40,"column":null}},"9":{"start":{"line":36,"column":33},"end":{"line":36,"column":null}},"10":{"start":{"line":45,"column":17},"end":{"line":45,"column":null}},"11":{"start":{"line":46,"column":10},"end":{"line":46,"column":null}},"12":{"start":{"line":47,"column":24},"end":{"line":47,"column":null}},"13":{"start":{"line":48,"column":21},"end":{"line":48,"column":null}},"14":{"start":{"line":49,"column":57},"end":{"line":49,"column":null}},"15":{"start":{"line":50,"column":10},"end":{"line":50,"column":null}},"16":{"start":{"line":52,"column":4},"end":{"line":72,"column":null}},"17":{"start":{"line":53,"column":8},"end":{"line":53,"column":null}},"18":{"start":{"line":53,"column":57},"end":{"line":53,"column":null}},"19":{"start":{"line":55,"column":26},"end":{"line":57,"column":null}},"20":{"start":{"line":56,"column":12},"end":{"line":56,"column":null}},"21":{"start":{"line":59,"column":29},"end":{"line":69,"column":null}},"22":{"start":{"line":60,"column":27},"end":{"line":60,"column":null}},"23":{"start":{"line":61,"column":18},"end":{"line":61,"column":null}},"24":{"start":{"line":62,"column":12},"end":{"line":68,"column":null}},"25":{"start":{"line":63,"column":16},"end":{"line":65,"column":null}},"26":{"start":{"line":67,"column":16},"end":{"line":67,"column":null}},"27":{"start":{"line":71,"column":8},"end":{"line":71,"column":null}},"28":{"start":{"line":74,"column":27},"end":{"line":76,"column":null}},"29":{"start":{"line":75,"column":8},"end":{"line":75,"column":null}},"30":{"start":{"line":78,"column":4},"end":{"line":80,"column":null}},"31":{"start":{"line":79,"column":8},"end":{"line":79,"column":null}},"32":{"start":{"line":82,"column":4},"end":{"line":84,"column":null}},"33":{"start":{"line":83,"column":8},"end":{"line":83,"column":null}},"34":{"start":{"line":86,"column":4},"end":{"line":103,"column":null}},"35":{"start":{"line":93,"column":20},"end":{"line":98,"column":null}}},"fnMap":{"0":{"name":"(anonymous_0)","decl":{"start":{"line":9,"column":16},"end":{"line":9,"column":17}},"loc":{"start":{"line":10,"column":4},"end":{"line":19,"column":null}},"line":10},"1":{"name":"(anonymous_1)","decl":{"start":{"line":22,"column":21},"end":{"line":22,"column":22}},"loc":{"start":{"line":22,"column":44},"end":{"line":42,"column":null}},"line":22},"2":{"name":"(anonymous_2)","decl":{"start":{"line":25,"column":25},"end":{"line":25,"column":26}},"loc":{"start":{"line":25,"column":32},"end":{"line":29,"column":null}},"line":25},"3":{"name":"(anonymous_3)","decl":{"start":{"line":36,"column":26},"end":{"line":36,"column":27}},"loc":{"start":{"line":36,"column":33},"end":{"line":36,"column":null}},"line":36},"4":{"name":"Chat","decl":{"start":{"line":44,"column":9},"end":{"line":44,"column":16}},"loc":{"start":{"line":44,"column":16},"end":{"line":105,"column":null}},"line":44},"5":{"name":"(anonymous_5)","decl":{"start":{"line":52,"column":14},"end":{"line":52,"column":20}},"loc":{"start":{"line":52,"column":20},"end":{"line":72,"column":7}},"line":52},"6":{"name":"(anonymous_6)","decl":{"start":{"line":55,"column":26},"end":{"line":55,"column":27}},"loc":{"start":{"line":55,"column":42},"end":{"line":57,"column":null}},"line":55},"7":{"name":"(anonymous_7)","decl":{"start":{"line":59,"column":29},"end":{"line":59,"column":41}},"loc":{"start":{"line":59,"column":41},"end":{"line":69,"column":null}},"line":59},"8":{"name":"(anonymous_8)","decl":{"start":{"line":74,"column":27},"end":{"line":74,"column":33}},"loc":{"start":{"line":74,"column":33},"end":{"line":76,"column":null}},"line":74},"9":{"name":"(anonymous_9)","decl":{"start":{"line":78,"column":14},"end":{"line":78,"column":20}},"loc":{"start":{"line":78,"column":20},"end":{"line":80,"column":7}},"line":78},"10":{"name":"(anonymous_10)","decl":{"start":{"line":92,"column":30},"end":{"line":92,"column":31}},"loc":{"start":{"line":93,"column":20},"end":{"line":98,"column":null}},"line":93}},"branchMap":{"0":{"loc":{"start":{"line":10,"column":31},"end":{"line":10,"column":59}},"type":"cond-expr","locations":[{"start":{"line":10,"column":40},"end":{"line":10,"column":49}},{"start":{"line":10,"column":49},"end":{"line":10,"column":59}}],"line":10},"1":{"loc":{"start":{"line":14,"column":21},"end":{"line":14,"column":null}},"type":"cond-expr","locations":[{"start":{"line":14,"column":35},"end":{"line":14,"column":55}},{"start":{"line":14,"column":55},"end":{"line":14,"column":null}}],"line":14},"2":{"loc":{"start":{"line":14,"column":55},"end":{"line":14,"column":null}},"type":"binary-expr","locations":[{"start":{"line":14,"column":55},"end":{"line":14,"column":78}},{"start":{"line":14,"column":78},"end":{"line":14,"column":null}}],"line":14},"3":{"loc":{"start":{"line":53,"column":8},"end":{"line":53,"column":null}},"type":"if","locations":[{"start":{"line":53,"column":8},"end":{"line":53,"column":null}},{"start":{},"end":{}}],"line":53},"4":{"loc":{"start":{"line":53,"column":12},"end":{"line":53,"column":57}},"type":"binary-expr","locations":[{"start":{"line":53,"column":12},"end":{"line":53,"column":21}},{"start":{"line":53,"column":21},"end":{"line":53,"column":34}},{"start":{"line":53,"column":34},"end":{"line":53,"column":57}}],"line":53},"5":{"loc":{"start":{"line":82,"column":4},"end":{"line":84,"column":null}},"type":"if","locations":[{"start":{"line":82,"column":4},"end":{"line":84,"column":null}},{"start":{},"end":{}}],"line":82},"6":{"loc":{"start":{"line":82,"column":8},"end":{"line":82,"column":42}},"type":"binary-expr","locations":[{"start":{"line":82,"column":8},"end":{"line":82,"column":19}},{"start":{"line":82,"column":19},"end":{"line":82,"column":42}}],"line":82},"7":{"loc":{"start":{"line":89,"column":21},"end":{"line":89,"column":106}},"type":"cond-expr","locations":[{"start":{"line":89,"column":32},"end":{"line":89,"column":87}},{"start":{"line":89,"column":87},"end":{"line":89,"column":106}}],"line":89},"8":{"loc":{"start":{"line":89,"column":45},"end":{"line":89,"column":82}},"type":"binary-expr","locations":[{"start":{"line":89,"column":45},"end":{"line":89,"column":77}},{"start":{"line":89,"column":77},"end":{"line":89,"column":82}}],"line":89}},"s":{"0":1,"1":0,"2":1,"3":0,"4":0,"5":0,"6":0,"7":0,"8":0,"9":0,"10":0,"11":0,"12":0,"13":0,"14":0,"15":0,"16":0,"17":0,"18":0,"19":0,"20":0,"21":0,"22":0,"23":0,"24":0,"25":0,"26":0,"27":0,"28":0,"29":0,"30":0,"31":0,"32":0,"33":0,"34":0,"35":0},"f":{"0":0,"1":0,"2":0,"3":0,"4":0,"5":0,"6":0,"7":0,"8":0,"9":0,"10":0},"b":{"0":[0,0],"1":[0,0],"2":[0,0],"3":[0,0],"4":[0,0,0],"5":[0,0],"6":[0,0],"7":[0,0],"8":[0,0]},"meta":{"lastBranch":9,"lastFunction":11,"lastStatement":36,"seen":{"s:9:16:19:Infinity":0,"f:9:16:9:17":0,"s:10:4:19:Infinity":1,"b:10:40:10:49:10:49:10:59":0,"b:14:35:14:55:14:55:14:Infinity":1,"b:14:55:14:78:14:78:14:Infinity":2,"s:22:21:42:Infinity":2,"f:22:21:22:22":1,"s:23:36:23:Infinity":3,"s:25:25:29:Infinity":4,"f:25:25:25:26":2,"s:26:8:26:Infinity":5,"s:27:8:27:Infinity":6,"s:28:8:28:Infinity":7,"s:31:4:40:Infinity":8,"f:36:26:36:27":3,"s:36:33:36:Infinity":9,"f:44:9:44:16":4,"s:45:17:45:Infinity":10,"s:46:10:46:Infinity":11,"s:47:24:47:Infinity":12,"s:48:21:48:Infinity":13,"s:49:57:49:Infinity":14,"s:50:10:50:Infinity":15,"s:52:4:72:Infinity":16,"f:52:14:52:20":5,"b:53:8:53:Infinity:undefined:undefined:undefined:undefined":3,"s:53:8:53:Infinity":17,"b:53:12:53:21:53:21:53:34:53:34:53:57":4,"s:53:57:53:Infinity":18,"s:55:26:57:Infinity":19,"f:55:26:55:27":6,"s:56:12:56:Infinity":20,"s:59:29:69:Infinity":21,"f:59:29:59:41":7,"s:60:27:60:Infinity":22,"s:61:18:61:Infinity":23,"s:62:12:68:Infinity":24,"s:63:16:65:Infinity":25,"s:67:16:67:Infinity":26,"s:71:8:71:Infinity":27,"s:74:27:76:Infinity":28,"f:74:27:74:33":8,"s:75:8:75:Infinity":29,"s:78:4:80:Infinity":30,"f:78:14:78:20":9,"s:79:8:79:Infinity":31,"b:82:4:84:Infinity:undefined:undefined:undefined:undefined":5,"s:82:4:84:Infinity":32,"b:82:8:82:19:82:19:82:42":6,"s:83:8:83:Infinity":33,"s:86:4:103:Infinity":34,"b:89:32:89:87:89:87:89:106":7,"b:89:45:89:77:89:77:89:82":8,"f:92:30:92:31":10,"s:93:20:98:Infinity":35}}}
,"/home/user/bonfire/src/react/FriendRequests.jsx": {"path":"/home/user/bonfire/src/react/FriendRequests.jsx","statementMap":{"0":{"start":{"line":6,"column":68},"end":{"line":6,"column":null}},"1":{"start":{"line":8,"column":4},"end":{"line":10,"column":null}},"2":{"start":{"line":9,"column":8},"end":{"line":9,"column":null}},"3":{"start":{"line":12,"column":4},"end":{"line":14,"column":null}},"4":{"start":{"line":13,"column":8},"end":{"line":13,"column":null}},"5":{"start":{"line":16,"column":4},"end":{"line":35,"column":null}},"6":{"start":{"line":24,"column":24},"end":{"line":31,"column":null}},"7":{"start":{"line":28,"column":55},"end":{"line":28,"column":96}},"8":{"start":{"line":29,"column":55},"end":{"line":29,"column":83}}},"fnMap":{"0":{"name":"FriendRequests","decl":{"start":{"line":5,"column":9},"end":{"line":5,"column":26}},"loc":{"start":{"line":5,"column":26},"end":{"line":37,"column":null}},"line":5},"1":{"name":"(anonymous_1)","decl":{"start":{"line":23,"column":34},"end":{"line":23,"column":null}},"loc":{"start":{"line":24,"column":24},"end":{"line":31,"column":null}},"line":24},"2":{"name":"(anonymous_2)","decl":{"start":{"line":28,"column":49},"end":{"line":28,"column":55}},"loc":{"start":{"line":28,"column":55},"end":{"line":28,"column":96}},"line":28},"3":{"name":"(anonymous_3)","decl":{"start":{"line":29,"column":49},"end":{"line":29,"column":55}},"loc":{"start":{"line":29,"column":55},"end":{"line":29,"column":83}},"line":29}},"branchMap":{"0":{"loc":{"start":{"line":8,"column":4},"end":{"line":10,"column":null}},"type":"if","locations":[{"start":{"line":8,"column":4},"end":{"line":10,"column":null}},{"start":{},"end":{}}],"line":8},"1":{"loc":{"start":{"line":12,"column":4},"end":{"line":14,"column":null}},"type":"if","locations":[{"start":{"line":12,"column":4},"end":{"line":14,"column":null}},{"start":{},"end":{}}],"line":12},"2":{"loc":{"start":{"line":19,"column":13},"end":{"line":33,"column":null}},"type":"cond-expr","locations":[{"start":{"line":20,"column":16},"end":{"line":20,"column":null}},{"start":{"line":22,"column":16},"end":{"line":33,"column":null}}],"line":19},"3":{"loc":{"start":{"line":25,"column":38},"end":{"line":25,"column":90}},"type":"binary-expr","locations":[{"start":{"line":25,"column":38},"end":{"line":25,"column":60}},{"start":{"line":25,"column":60},"end":{"line":25,"column":90}}],"line":25}},"s":{"0":4,"1":4,"2":0,"3":4,"4":0,"5":4,"6":0,"7":0,"8":0},"f":{"0":4,"1":0,"2":0,"3":0},"b":{"0":[0,4],"1":[0,4],"2":[4,0],"3":[0,0]},"meta":{"lastBranch":4,"lastFunction":4,"lastStatement":9,"seen":{"f:5:9:5:26":0,"s:6:68:6:Infinity":0,"b:8:4:10:Infinity:undefined:undefined:undefined:undefined":0,"s:8:4:10:Infinity":1,"s:9:8:9:Infinity":2,"b:12:4:14:Infinity:undefined:undefined:undefined:undefined":1,"s:12:4:14:Infinity":3,"s:13:8:13:Infinity":4,"s:16:4:35:Infinity":5,"b:20:16:20:Infinity:22:16:33:Infinity":2,"f:23:34:23:Infinity":1,"s:24:24:31:Infinity":6,"b:25:38:25:60:25:60:25:90":3,"f:28:49:28:55":2,"s:28:55:28:96":7,"f:29:49:29:55":3,"s:29:55:29:83":8}}}
,"/home/user/bonfire/src/react/Friends.jsx": {"path":"/home/user/bonfire/src/react/Friends.jsx","statementMap":{"0":{"start":{"line":20,"column":8},"end":{"line":20,"column":null}},"1":{"start":{"line":21,"column":66},"end":{"line":21,"column":null}},"2":{"start":{"line":22,"column":28},"end":{"line":22,"column":null}},"3":{"start":{"line":23,"column":28},"end":{"line":23,"column":null}},"4":{"start":{"line":24,"column":38},"end":{"line":24,"column":null}},"5":{"start":{"line":25,"column":32},"end":{"line":25,"column":null}},"6":{"start":{"line":26,"column":66},"end":{"line":26,"column":null}},"7":{"start":{"line":27,"column":40},"end":{"line":27,"column":null}},"8":{"start":{"line":28,"column":48},"end":{"line":28,"column":null}},"9":{"start":{"line":29,"column":22},"end":{"line":29,"column":null}},"10":{"start":{"line":30,"column":34},"end":{"line":30,"column":null}},"11":{"start":{"line":31,"column":8},"end":{"line":31,"column":null}},"12":{"start":{"line":33,"column":2},"end":{"line":45,"column":null}},"13":{"start":{"line":34,"column":31},"end":{"line":40,"column":null}},"14":{"start":{"line":35,"column":6},"end":{"line":39,"column":null}},"15":{"start":{"line":36,"column":8},"end":{"line":38,"column":null}},"16":{"start":{"line":37,"column":12},"end":{"line":37,"column":null}},"17":{"start":{"line":41,"column":4},"end":{"line":41,"column":null}},"18":{"start":{"line":42,"column":4},"end":{"line":44,"column":null}},"19":{"start":{"line":43,"column":6},"end":{"line":43,"column":null}},"20":{"start":{"line":47,"column":2},"end":{"line":59,"column":null}},"21":{"start":{"line":48,"column":4},"end":{"line":48,"column":null}},"22":{"start":{"line":48,"column":39},"end":{"line":48,"column":null}},"23":{"start":{"line":50,"column":25},"end":{"line":56,"column":null}},"24":{"start":{"line":51,"column":23},"end":{"line":51,"column":null}},"25":{"start":{"line":52,"column":14},"end":{"line":52,"column":null}},"26":{"start":{"line":53,"column":8},"end":{"line":55,"column":null}},"27":{"start":{"line":54,"column":12},"end":{"line":54,"column":null}},"28":{"start":{"line":54,"column":35},"end":{"line":54,"column":92}},"29":{"start":{"line":58,"column":4},"end":{"line":58,"column":null}},"30":{"start":{"line":58,"column":17},"end":{"line":58,"column":null}},"31":{"start":{"line":58,"column":47},"end":{"line":58,"column":54}},"32":{"start":{"line":61,"column":2},"end":{"line":63,"column":null}},"33":{"start":{"line":62,"column":4},"end":{"line":62,"column":null}},"34":{"start":{"line":65,"column":2},"end":{"line":90,"column":null}},"35":{"start":{"line":66,"column":4},"end":{"line":66,"column":null}},"36":{"start":{"line":66,"column":15},"end":{"line":66,"column":null}},"37":{"start":{"line":68,"column":27},"end":{"line":79,"column":null}},"38":{"start":{"line":69,"column":31},"end":{"line":69,"column":40}},"39":{"start":{"line":71,"column":27},"end":{"line":71,"column":null}},"40":{"start":{"line":71,"column":45},"end":{"line":71,"column":62}},"41":{"start":{"line":72,"column":12},"end":{"line":72,"column":null}},"42":{"start":{"line":72,"column":33},"end":{"line":72,"column":null}},"43":{"start":{"line":73,"column":12},"end":{"line":78,"column":null}},"44":{"start":{"line":81,"column":30},"end":{"line":87,"column":null}},"45":{"start":{"line":81,"column":57},"end":{"line":87,"column":6}},"46":{"start":{"line":89,"column":4},"end":{"line":89,"column":null}},"47":{"start":{"line":92,"column":0},"end":{"line":133,"column":null}},"48":{"start":{"line":93,"column":2},"end":{"line":95,"column":null}},"49":{"start":{"line":94,"column":6},"end":{"line":94,"column":null}},"50":{"start":{"line":97,"column":23},"end":{"line":128,"column":null}},"51":{"start":{"line":98,"column":6},"end":{"line":105,"column":null}},"52":{"start":{"line":99,"column":10},"end":{"line":103,"column":null}},"53":{"start":{"line":100,"column":32},"end":{"line":100,"column":null}},"54":{"start":{"line":101,"column":14},"end":{"line":101,"column":null}},"55":{"start":{"line":102,"column":14},"end":{"line":102,"column":null}},"56":{"start":{"line":104,"column":10},"end":{"line":104,"column":null}},"57":{"start":{"line":107,"column":21},"end":{"line":107,"column":null}},"58":{"start":{"line":108,"column":12},"end":{"line":108,"column":null}},"59":{"start":{"line":109,"column":12},"end":{"line":109,"column":null}},"60":{"start":{"line":111,"column":12},"end":{"line":126,"column":null}},"61":{"start":{"line":112,"column":30},"end":{"line":112,"column":null}},"62":{"start":{"line":115,"column":10},"end":{"line":120,"column":null}},"63":{"start":{"line":116,"column":43},"end":{"line":116,"column":null}},"64":{"start":{"line":116,"column":71},"end":{"line":116,"column":91}},"65":{"start":{"line":117,"column":14},"end":{"line":117,"column":null}},"66":{"start":{"line":119,"column":14},"end":{"line":119,"column":null}},"67":{"start":{"line":122,"column":10},"end":{"line":125,"column":null}},"68":{"start":{"line":122,"column":41},"end":{"line":125,"column":12}},"69":{"start":{"line":127,"column":6},"end":{"line":127,"column":null}},"70":{"start":{"line":130,"column":2},"end":{"line":132,"column":null}},"71":{"start":{"line":131,"column":6},"end":{"line":131,"column":null}},"72":{"start":{"line":131,"column":36},"end":{"line":131,"column":43}},"73":{"start":{"line":135,"column":26},"end":{"line":137,"column":null}},"74":{"start":{"line":136,"column":4},"end":{"line":136,"column":null}},"75":{"start":{"line":139,"column":24},"end":{"line":145,"column":null}},"76":{"start":{"line":140,"column":4},"end":{"line":144,"column":null}},"77":{"start":{"line":141,"column":6},"end":{"line":141,"column":null}},"78":{"start":{"line":143,"column":6},"end":{"line":143,"column":null}},"79":{"start":{"line":147,"column":26},"end":{"line":149,"column":null}},"80":{"start":{"line":148,"column":4},"end":{"line":148,"column":null}},"81":{"start":{"line":151,"column":28},"end":{"line":153,"column":null}},"82":{"start":{"line":152,"column":4},"end":{"line":152,"column":null}},"83":{"start":{"line":155,"column":25},"end":{"line":160,"column":null}},"84":{"start":{"line":156,"column":4},"end":{"line":159,"column":null}},"85":{"start":{"line":157,"column":6},"end":{"line":157,"column":null}},"86":{"start":{"line":158,"column":6},"end":{"line":158,"column":null}},"87":{"start":{"line":162,"column":27},"end":{"line":169,"column":null}},"88":{"start":{"line":163,"column":4},"end":{"line":167,"column":null}},"89":{"start":{"line":164,"column":6},"end":{"line":164,"column":null}},"90":{"start":{"line":166,"column":6},"end":{"line":166,"column":null}},"91":{"start":{"line":168,"column":4},"end":{"line":168,"column":null}},"92":{"start":{"line":171,"column":28},"end":{"line":174,"column":null}},"93":{"start":{"line":172,"column":4},"end":{"line":172,"column":null}},"94":{"start":{"line":173,"column":4},"end":{"line":173,"column":null}},"95":{"start":{"line":177,"column":2},"end":{"line":179,"column":null}},"96":{"start":{"line":178,"column":4},"end":{"line":178,"column":null}},"97":{"start":{"line":181,"column":2},"end":{"line":183,"column":null}},"98":{"start":{"line":182,"column":4},"end":{"line":182,"column":null}},"99":{"start":{"line":185,"column":2},"end":{"line":298,"column":null}},"100":{"start":{"line":193,"column":12},"end":{"line":203,"column":null}},"101":{"start":{"line":196,"column":29},"end":{"line":196,"column":null}},"102":{"start":{"line":208,"column":55},"end":{"line":208,"column":null}},"103":{"start":{"line":212,"column":49},"end":{"line":212,"column":null}},"104":{"start":{"line":227,"column":32},"end":{"line":227,"column":null}},"105":{"start":{"line":228,"column":32},"end":{"line":228,"column":null}},"106":{"start":{"line":236,"column":20},"end":{"line":245,"column":null}},"107":{"start":{"line":241,"column":51},"end":{"line":241,"column":88}},"108":{"start":{"line":242,"column":51},"end":{"line":242,"column":77}},"109":{"start":{"line":265,"column":20},"end":{"line":292,"column":null}},"110":{"start":{"line":274,"column":72},"end":{"line":274,"column":null}},"111":{"start":{"line":278,"column":77},"end":{"line":278,"column":107}},"112":{"start":{"line":281,"column":84},"end":{"line":281,"column":111}},"113":{"start":{"line":282,"column":84},"end":{"line":282,"column":null}},"114":{"start":{"line":285,"column":84},"end":{"line":285,"column":null}}},"fnMap":{"0":{"name":"Friends","decl":{"start":{"line":19,"column":24},"end":{"line":19,"column":34}},"loc":{"start":{"line":19,"column":34},"end":{"line":300,"column":null}},"line":19},"1":{"name":"(anonymous_1)","decl":{"start":{"line":33,"column":12},"end":{"line":33,"column":18}},"loc":{"start":{"line":33,"column":18},"end":{"line":45,"column":5}},"line":33},"2":{"name":"(anonymous_2)","decl":{"start":{"line":34,"column":31},"end":{"line":34,"column":32}},"loc":{"start":{"line":34,"column":42},"end":{"line":40,"column":null}},"line":34},"3":{"name":"(anonymous_3)","decl":{"start":{"line":42,"column":11},"end":{"line":42,"column":17}},"loc":{"start":{"line":42,"column":17},"end":{"line":44,"column":null}},"line":42},"4":{"name":"(anonymous_4)","decl":{"start":{"line":47,"column":12},"end":{"line":47,"column":18}},"loc":{"start":{"line":47,"column":18},"end":{"line":59,"column":5}},"line":47},"5":{"name":"(anonymous_5)","decl":{"start":{"line":50,"column":37},"end":{"line":50,"column":47}},"loc":{"start":{"line":50,"column":47},"end":{"line":56,"column":5}},"line":50},"6":{"name":"(anonymous_6)","decl":{"start":{"line":53,"column":35},"end":{"line":53,"column":36}},"loc":{"start":{"line":53,"column":44},"end":{"line":55,"column":9}},"line":53},"7":{"name":"(anonymous_7)","decl":{"start":{"line":54,"column":26},"end":{"line":54,"column":35}},"loc":{"start":{"line":54,"column":35},"end":{"line":54,"column":92}},"line":54},"8":{"name":"(anonymous_8)","decl":{"start":{"line":58,"column":11},"end":{"line":58,"column":17}},"loc":{"start":{"line":58,"column":17},"end":{"line":58,"column":null}},"line":58},"9":{"name":"(anonymous_9)","decl":{"start":{"line":58,"column":38},"end":{"line":58,"column":47}},"loc":{"start":{"line":58,"column":47},"end":{"line":58,"column":54}},"line":58},"10":{"name":"(anonymous_10)","decl":{"start":{"line":61,"column":12},"end":{"line":61,"column":18}},"loc":{"start":{"line":61,"column":18},"end":{"line":63,"column":5}},"line":61},"11":{"name":"(anonymous_11)","decl":{"start":{"line":65,"column":12},"end":{"line":65,"column":18}},"loc":{"start":{"line":65,"column":18},"end":{"line":90,"column":3}},"line":65},"12":{"name":"(anonymous_12)","decl":{"start":{"line":69,"column":16},"end":{"line":69,"column":17}},"loc":{"start":{"line":69,"column":31},"end":{"line":69,"column":40}},"line":69},"13":{"name":"(anonymous_13)","decl":{"start":{"line":70,"column":13},"end":{"line":70,"column":14}},"loc":{"start":{"line":70,"column":29},"end":{"line":79,"column":9}},"line":70},"14":{"name":"(anonymous_14)","decl":{"start":{"line":71,"column":40},"end":{"line":71,"column":45}},"loc":{"start":{"line":71,"column":45},"end":{"line":71,"column":62}},"line":71},"15":{"name":"(anonymous_15)","decl":{"start":{"line":81,"column":49},"end":{"line":81,"column":57}},"loc":{"start":{"line":81,"column":57},"end":{"line":87,"column":6}},"line":81},"16":{"name":"(anonymous_16)","decl":{"start":{"line":92,"column":10},"end":{"line":92,"column":16}},"loc":{"start":{"line":92,"column":16},"end":{"line":133,"column":3}},"line":92},"17":{"name":"(anonymous_17)","decl":{"start":{"line":97,"column":35},"end":{"line":97,"column":45}},"loc":{"start":{"line":97,"column":45},"end":{"line":128,"column":3}},"line":97},"18":{"name":"(anonymous_18)","decl":{"start":{"line":99,"column":26},"end":{"line":99,"column":40}},"loc":{"start":{"line":99,"column":40},"end":{"line":103,"column":11}},"line":99},"19":{"name":"(anonymous_19)","decl":{"start":{"line":104,"column":17},"end":{"line":104,"column":23}},"loc":{"start":{"line":104,"column":23},"end":{"line":104,"column":null}},"line":104},"20":{"name":"(anonymous_20)","decl":{"start":{"line":111,"column":40},"end":{"line":111,"column":52}},"loc":{"start":{"line":111,"column":52},"end":{"line":126,"column":7}},"line":111},"21":{"name":"(anonymous_21)","decl":{"start":{"line":116,"column":64},"end":{"line":116,"column":71}},"loc":{"start":{"line":116,"column":71},"end":{"line":116,"column":91}},"line":116},"22":{"name":"(anonymous_22)","decl":{"start":{"line":122,"column":26},"end":{"line":122,"column":41}},"loc":{"start":{"line":122,"column":41},"end":{"line":125,"column":12}},"line":122},"23":{"name":"(anonymous_23)","decl":{"start":{"line":130,"column":9},"end":{"line":130,"column":15}},"loc":{"start":{"line":130,"column":15},"end":{"line":132,"column":null}},"line":130},"24":{"name":"(anonymous_24)","decl":{"start":{"line":131,"column":27},"end":{"line":131,"column":36}},"loc":{"start":{"line":131,"column":36},"end":{"line":131,"column":43}},"line":131},"25":{"name":"(anonymous_25)","decl":{"start":{"line":135,"column":26},"end":{"line":135,"column":27}},"loc":{"start":{"line":135,"column":40},"end":{"line":137,"column":null}},"line":135},"26":{"name":"(anonymous_26)","decl":{"start":{"line":139,"column":24},"end":{"line":139,"column":30}},"loc":{"start":{"line":139,"column":30},"end":{"line":145,"column":null}},"line":139},"27":{"name":"(anonymous_27)","decl":{"start":{"line":140,"column":23},"end":{"line":140,"column":29}},"loc":{"start":{"line":140,"column":29},"end":{"line":142,"column":5}},"line":140},"28":{"name":"(anonymous_28)","decl":{"start":{"line":142,"column":13},"end":{"line":142,"column":14}},"loc":{"start":{"line":142,"column":24},"end":{"line":144,"column":5}},"line":142},"29":{"name":"(anonymous_29)","decl":{"start":{"line":147,"column":26},"end":{"line":147,"column":32}},"loc":{"start":{"line":147,"column":32},"end":{"line":149,"column":null}},"line":147},"30":{"name":"(anonymous_30)","decl":{"start":{"line":151,"column":28},"end":{"line":151,"column":29}},"loc":{"start":{"line":151,"column":42},"end":{"line":153,"column":null}},"line":151},"31":{"name":"(anonymous_31)","decl":{"start":{"line":155,"column":25},"end":{"line":155,"column":26}},"loc":{"start":{"line":155,"column":39},"end":{"line":160,"column":null}},"line":155},"32":{"name":"(anonymous_32)","decl":{"start":{"line":162,"column":27},"end":{"line":162,"column":28}},"loc":{"start":{"line":162,"column":39},"end":{"line":169,"column":null}},"line":162},"33":{"name":"(anonymous_33)","decl":{"start":{"line":171,"column":28},"end":{"line":171,"column":29}},"loc":{"start":{"line":171,"column":42},"end":{"line":174,"column":null}},"line":171},"34":{"name":"(anonymous_34)","decl":{"start":{"line":192,"column":23},"end":{"line":192,"column":24}},"loc":{"start":{"line":193,"column":12},"end":{"line":203,"column":null}},"line":193},"35":{"name":"(anonymous_35)","decl":{"start":{"line":196,"column":23},"end":{"line":196,"column":29}},"loc":{"start":{"line":196,"column":29},"end":{"line":196,"column":null}},"line":196},"36":{"name":"(anonymous_36)","decl":{"start":{"line":208,"column":49},"end":{"line":208,"column":55}},"loc":{"start":{"line":208,"column":55},"end":{"line":208,"column":null}},"line":208},"37":{"name":"(anonymous_37)","decl":{"start":{"line":212,"column":43},"end":{"line":212,"column":49}},"loc":{"start":{"line":212,"column":49},"end":{"line":212,"column":null}},"line":212},"38":{"name":"(anonymous_38)","decl":{"start":{"line":227,"column":26},"end":{"line":227,"column":32}},"loc":{"start":{"line":227,"column":32},"end":{"line":227,"column":null}},"line":227},"39":{"name":"(anonymous_39)","decl":{"start":{"line":228,"column":26},"end":{"line":228,"column":32}},"loc":{"start":{"line":228,"column":32},"end":{"line":228,"column":null}},"line":228},"40":{"name":"(anonymous_40)","decl":{"start":{"line":235,"column":36},"end":{"line":235,"column":null}},"loc":{"start":{"line":236,"column":20},"end":{"line":245,"column":null}},"line":236},"41":{"name":"(anonymous_41)","decl":{"start":{"line":241,"column":45},"end":{"line":241,"column":51}},"loc":{"start":{"line":241,"column":51},"end":{"line":241,"column":88}},"line":241},"42":{"name":"(anonymous_42)","decl":{"start":{"line":242,"column":45},"end":{"line":242,"column":51}},"loc":{"start":{"line":242,"column":51},"end":{"line":242,"column":77}},"line":242},"43":{"name":"(anonymous_43)","decl":{"start":{"line":264,"column":28},"end":{"line":264,"column":29}},"loc":{"start":{"line":265,"column":20},"end":{"line":292,"column":null}},"line":265},"44":{"name":"(anonymous_44)","decl":{"start":{"line":274,"column":66},"end":{"line":274,"column":72}},"loc":{"start":{"line":274,"column":72},"end":{"line":274,"column":null}},"line":274},"45":{"name":"(anonymous_45)","decl":{"start":{"line":278,"column":71},"end":{"line":278,"column":77}},"loc":{"start":{"line":278,"column":77},"end":{"line":278,"column":107}},"line":278},"46":{"name":"(anonymous_46)","decl":{"start":{"line":281,"column":78},"end":{"line":281,"column":84}},"loc":{"start":{"line":281,"column":84},"end":{"line":281,"column":111}},"line":281},"47":{"name":"(anonymous_47)","decl":{"start":{"line":282,"column":78},"end":{"line":282,"column":84}},"loc":{"start":{"line":282,"column":84},"end":{"line":282,"column":null}},"line":282},"48":{"name":"(anonymous_48)","decl":{"start":{"line":285,"column":78},"end":{"line":285,"column":84}},"loc":{"start":{"line":285,"column":84},"end":{"line":285,"column":null}},"line":285}},"branchMap":{"0":{"loc":{"start":{"line":35,"column":6},"end":{"line":39,"column":null}},"type":"if","locations":[{"start":{"line":35,"column":6},"end":{"line":39,"column":null}},{"start":{},"end":{}}],"line":35},"1":{"loc":{"start":{"line":35,"column":10},"end":{"line":35,"column":91}},"type":"binary-expr","locations":[{"start":{"line":35,"column":10},"end":{"line":35,"column":31}},{"start":{"line":35,"column":31},"end":{"line":35,"column":50}},{"start":{"line":35,"column":50},"end":{"line":35,"column":91}}],"line":35},"2":{"loc":{"start":{"line":36,"column":8},"end":{"line":38,"column":null}},"type":"if","locations":[{"start":{"line":36,"column":8},"end":{"line":38,"column":null}},{"start":{},"end":{}}],"line":36},"3":{"loc":{"start":{"line":48,"column":4},"end":{"line":48,"column":null}},"type":"if","locations":[{"start":{"line":48,"column":4},"end":{"line":48,"column":null}},{"start":{},"end":{}}],"line":48},"4":{"loc":{"start":{"line":48,"column":8},"end":{"line":48,"column":39}},"type":"binary-expr","locations":[{"start":{"line":48,"column":8},"end":{"line":48,"column":17}},{"start":{"line":48,"column":17},"end":{"line":48,"column":39}}],"line":48},"5":{"loc":{"start":{"line":66,"column":4},"end":{"line":66,"column":null}},"type":"if","locations":[{"start":{"line":66,"column":4},"end":{"line":66,"column":null}},{"start":{},"end":{}}],"line":66},"6":{"loc":{"start":{"line":72,"column":12},"end":{"line":72,"column":null}},"type":"if","locations":[{"start":{"line":72,"column":12},"end":{"line":72,"column":null}},{"start":{},"end":{}}],"line":72},"7":{"loc":{"start":{"line":93,"column":2},"end":{"line":95,"column":null}},"type":"if","locations":[{"start":{"line":93,"column":2},"end":{"line":95,"column":null}},{"start":{},"end":{}}],"line":93},"8":{"loc":{"start":{"line":93,"column":6},"end":{"line":93,"column":37}},"type":"binary-expr","locations":[{"start":{"line":93,"column":6},"end":{"line":93,"column":15}},{"start":{"line":93,"column":15},"end":{"line":93,"column":37}}],"line":93},"9":{"loc":{"start":{"line":98,"column":6},"end":{"line":105,"column":null}},"type":"if","locations":[{"start":{"line":98,"column":6},"end":{"line":105,"column":null}},{"start":{},"end":{}}],"line":98},"10":{"loc":{"start":{"line":115,"column":10},"end":{"line":120,"column":null}},"type":"if","locations":[{"start":{"line":115,"column":10},"end":{"line":120,"column":null}},{"start":{"line":118,"column":17},"end":{"line":120,"column":null}}],"line":115},"11":{"loc":{"start":{"line":152,"column":25},"end":{"line":152,"column":73}},"type":"cond-expr","locations":[{"start":{"line":152,"column":58},"end":{"line":152,"column":65}},{"start":{"line":152,"column":65},"end":{"line":152,"column":73}}],"line":152},"12":{"loc":{"start":{"line":156,"column":4},"end":{"line":159,"column":null}},"type":"if","locations":[{"start":{"line":156,"column":4},"end":{"line":159,"column":null}},{"start":{},"end":{}}],"line":156},"13":{"loc":{"start":{"line":163,"column":4},"end":{"line":167,"column":null}},"type":"if","locations":[{"start":{"line":163,"column":4},"end":{"line":167,"column":null}},{"start":{"line":165,"column":11},"end":{"line":167,"column":null}}],"line":163},"14":{"loc":{"start":{"line":177,"column":2},"end":{"line":179,"column":null}},"type":"if","locations":[{"start":{"line":177,"column":2},"end":{"line":179,"column":null}},{"start":{},"end":{}}],"line":177},"15":{"loc":{"start":{"line":181,"column":2},"end":{"line":183,"column":null}},"type":"if","locations":[{"start":{"line":181,"column":2},"end":{"line":183,"column":null}},{"start":{},"end":{}}],"line":181},"16":{"loc":{"start":{"line":198,"column":24},"end":{"line":198,"column":205}},"type":"binary-expr","locations":[{"start":{"line":198,"column":24},"end":{"line":198,"column":41}},{"start":{"line":198,"column":41},"end":{"line":198,"column":205}}],"line":198},"17":{"loc":{"start":{"line":200,"column":15},"end":{"line":201,"column":null}},"type":"binary-expr","locations":[{"start":{"line":200,"column":15},"end":{"line":200,"column":null}},{"start":{"line":201,"column":16},"end":{"line":201,"column":null}}],"line":200},"18":{"loc":{"start":{"line":211,"column":11},"end":{"line":215,"column":null}},"type":"binary-expr","locations":[{"start":{"line":211,"column":11},"end":{"line":211,"column":19}},{"start":{"line":211,"column":19},"end":{"line":211,"column":null}},{"start":{"line":212,"column":12},"end":{"line":215,"column":null}}],"line":211},"19":{"loc":{"start":{"line":213,"column":24},"end":{"line":213,"column":210}},"type":"binary-expr","locations":[{"start":{"line":213,"column":24},"end":{"line":213,"column":46}},{"start":{"line":213,"column":46},"end":{"line":213,"column":210}}],"line":213},"20":{"loc":{"start":{"line":231,"column":13},"end":{"line":250,"column":null}},"type":"binary-expr","locations":[{"start":{"line":231,"column":13},"end":{"line":231,"column":null}},{"start":{"line":232,"column":14},"end":{"line":250,"column":null}}],"line":231},"21":{"loc":{"start":{"line":234,"column":17},"end":{"line":248,"column":null}},"type":"cond-expr","locations":[{"start":{"line":235,"column":18},"end":{"line":246,"column":null}},{"start":{"line":248,"column":18},"end":{"line":248,"column":null}}],"line":234},"22":{"loc":{"start":{"line":237,"column":32},"end":{"line":237,"column":212}},"type":"binary-expr","locations":[{"start":{"line":237,"column":32},"end":{"line":237,"column":48}},{"start":{"line":237,"column":48},"end":{"line":237,"column":212}}],"line":237},"23":{"loc":{"start":{"line":239,"column":23},"end":{"line":243,"column":null}},"type":"binary-expr","locations":[{"start":{"line":239,"column":23},"end":{"line":239,"column":null}},{"start":{"line":240,"column":24},"end":{"line":243,"column":null}}],"line":239},"24":{"loc":{"start":{"line":259,"column":11},"end":{"line":293,"column":null}},"type":"cond-expr","locations":[{"start":{"line":260,"column":16},"end":{"line":262,"column":null}},{"start":{"line":264,"column":16},"end":{"line":293,"column":null}}],"line":259},"25":{"loc":{"start":{"line":266,"column":34},"end":{"line":266,"column":215}},"type":"binary-expr","locations":[{"start":{"line":266,"column":34},"end":{"line":266,"column":51}},{"start":{"line":266,"column":51},"end":{"line":266,"column":215}}],"line":266},"26":{"loc":{"start":{"line":269,"column":29},"end":{"line":270,"column":null}},"type":"binary-expr","locations":[{"start":{"line":269,"column":29},"end":{"line":269,"column":null}},{"start":{"line":270,"column":32},"end":{"line":270,"column":null}}],"line":269},"27":{"loc":{"start":{"line":279,"column":31},"end":{"line":288,"column":null}},"type":"binary-expr","locations":[{"start":{"line":279,"column":31},"end":{"line":279,"column":null}},{"start":{"line":280,"column":32},"end":{"line":288,"column":null}}],"line":279},"28":{"loc":{"start":{"line":283,"column":37},"end":{"line":283,"column":null}},"type":"cond-expr","locations":[{"start":{"line":283,"column":54},"end":{"line":283,"column":65}},{"start":{"line":283,"column":65},"end":{"line":283,"column":null}}],"line":283},"29":{"loc":{"start":{"line":286,"column":37},"end":{"line":286,"column":null}},"type":"cond-expr","locations":[{"start":{"line":286,"column":61},"end":{"line":286,"column":82}},{"start":{"line":286,"column":82},"end":{"line":286,"column":null}}],"line":286}},"s":{"0":8,"1":8,"2":8,"3":8,"4":8,"5":8,"6":8,"7":8,"8":8,"9":8,"10":8,"11":8,"12":8,"13":4,"14":0,"15":0,"16":0,"17":4,"18":4,"19":4,"20":8,"21":4,"22":3,"23":1,"24":2,"25":2,"26":2,"27":0,"28":0,"29":1,"30":1,"31":2,"32":8,"33":4,"34":8,"35":4,"36":0,"37":4,"38":0,"39":0,"40":0,"41":0,"42":0,"43":0,"44":4,"45":0,"46":4,"47":8,"48":4,"49":3,"50":1,"51":2,"52":0,"53":0,"54":0,"55":0,"56":0,"57":2,"58":2,"59":2,"60":2,"61":0,"62":0,"63":0,"64":0,"65":0,"66":0,"67":0,"68":0,"69":2,"70":1,"71":1,"72":2,"73":8,"74":0,"75":8,"76":0,"77":0,"78":0,"79":8,"80":0,"81":8,"82":0,"83":8,"84":0,"85":0,"86":0,"87":8,"88":0,"89":0,"90":0,"91":0,"92":8,"93":0,"94":0,"95":8,"96":2,"97":6,"98":2,"99":4,"100":4,"101":0,"102":0,"103":0,"104":0,"105":0,"106":0,"107":0,"108":0,"109":4,"110":0,"111":0,"112":0,"113":0,"114":0},"f":{"0":8,"1":4,"2":0,"3":4,"4":4,"5":2,"6":0,"7":0,"8":1,"9":2,"10":4,"11":4,"12":0,"13":0,"14":0,"15":0,"16":4,"17":2,"18":0,"19":0,"20":0,"21":0,"22":0,"23":1,"24":2,"25":0,"26":0,"27":0,"28":0,"29":0,"30":0,"31":0,"32":0,"33":0,"34":4,"35":0,"36":0,"37":0,"38":0,"39":0,"40":0,"41":0,"42":0,"43":4,"44":0,"45":0,"46":0,"47":0,"48":0},"b":{"0":[0,0],"1":[0,0,0],"2":[0,0],"3":[3,1],"4":[4,4],"5":[0,4],"6":[0,0],"7":[3,1],"8":[4,4],"9":[0,2],"10":[0,0],"11":[0,0],"12":[0,0],"13":[0,0],"14":[2,6],"15":[2,4],"16":[4,0],"17":[4,0],"18":[4,4,4],"19":[4,0],"20":[8,0],"21":[0,0],"22":[0,0],"23":[0,0],"24":[2,2],"25":[4,0],"26":[4,0],"27":[4,0],"28":[0,0],"29":[0,0]},"meta":{"lastBranch":30,"lastFunction":49,"lastStatement":115,"seen":{"f:19:24:19:34":0,"s:20:8:20:Infinity":0,"s:21:66:21:Infinity":1,"s:22:28:22:Infinity":2,"s:23:28:23:Infinity":3,"s:24:38:24:Infinity":4,"s:25:32:25:Infinity":5,"s:26:66:26:Infinity":6,"s:27:40:27:Infinity":7,"s:28:48:28:Infinity":8,"s:29:22:29:Infinity":9,"s:30:34:30:Infinity":10,"s:31:8:31:Infinity":11,"s:33:2:45:Infinity":12,"f:33:12:33:18":1,"s:34:31:40:Infinity":13,"f:34:31:34:32":2,"b:35:6:39:Infinity:undefined:undefined:undefined:undefined":0,"s:35:6:39:Infinity":14,"b:35:10:35:31:35:31:35:50:35:50:35:91":1,"b:36:8:38:Infinity:undefined:undefined:undefined:undefined":2,"s:36:8:38:Infinity":15,"s:37:12:37:Infinity":16,"s:41:4:41:Infinity":17,"s:42:4:44:Infinity":18,"f:42:11:42:17":3,"s:43:6:43:Infinity":19,"s:47:2:59:Infinity":20,"f:47:12:47:18":4,"b:48:4:48:Infinity:undefined:undefined:undefined:undefined":3,"s:48:4:48:Infinity":21,"b:48:8:48:17:48:17:48:39":4,"s:48:39:48:Infinity":22,"s:50:25:56:Infinity":23,"f:50:37:50:47":5,"s:51:23:51:Infinity":24,"s:52:14:52:Infinity":25,"s:53:8:55:Infinity":26,"f:53:35:53:36":6,"s:54:12:54:Infinity":27,"f:54:26:54:35":7,"s:54:35:54:92":28,"s:58:4:58:Infinity":29,"f:58:11:58:17":8,"s:58:17:58:Infinity":30,"f:58:38:58:47":9,"s:58:47:58:54":31,"s:61:2:63:Infinity":32,"f:61:12:61:18":10,"s:62:4:62:Infinity":33,"s:65:2:90:Infinity":34,"f:65:12:65:18":11,"b:66:4:66:Infinity:undefined:undefined:undefined:undefined":5,"s:66:4:66:Infinity":35,"s:66:15:66:Infinity":36,"s:68:27:79:Infinity":37,"f:69:16:69:17":12,"s:69:31:69:40":38,"f:70:13:70:14":13,"s:71:27:71:Infinity":39,"f:71:40:71:45":14,"s:71:45:71:62":40,"b:72:12:72:Infinity:undefined:undefined:undefined:undefined":6,"s:72:12:72:Infinity":41,"s:72:33:72:Infinity":42,"s:73:12:78:Infinity":43,"s:81:30:87:Infinity":44,"f:81:49:81:57":15,"s:81:57:87:6":45,"s:89:4:89:Infinity":46,"s:92:0:133:Infinity":47,"f:92:10:92:16":16,"b:93:2:95:Infinity:undefined:undefined:undefined:undefined":7,"s:93:2:95:Infinity":48,"b:93:6:93:15:93:15:93:37":8,"s:94:6:94:Infinity":49,"s:97:23:128:Infinity":50,"f:97:35:97:45":17,"b:98:6:105:Infinity:undefined:undefined:undefined:undefined":9,"s:98:6:105:Infinity":51,"s:99:10:103:Infinity":52,"f:99:26:99:40":18,"s:100:32:100:Infinity":53,"s:101:14:101:Infinity":54,"s:102:14:102:Infinity":55,"s:104:10:104:Infinity":56,"f:104:17:104:23":19,"s:107:21:107:Infinity":57,"s:108:12:108:Infinity":58,"s:109:12:109:Infinity":59,"s:111:12:126:Infinity":60,"f:111:40:111:52":20,"s:112:30:112:Infinity":61,"b:115:10:120:Infinity:118:17:120:Infinity":10,"s:115:10:120:Infinity":62,"s:116:43:116:Infinity":63,"f:116:64:116:71":21,"s:116:71:116:91":64,"s:117:14:117:Infinity":65,"s:119:14:119:Infinity":66,"s:122:10:125:Infinity":67,"f:122:26:122:41":22,"s:122:41:125:12":68,"s:127:6:127:Infinity":69,"s:130:2:132:Infinity":70,"f:130:9:130:15":23,"s:131:6:131:Infinity":71,"f:131:27:131:36":24,"s:131:36:131:43":72,"s:135:26:137:Infinity":73,"f:135:26:135:27":25,"s:136:4:136:Infinity":74,"s:139:24:145:Infinity":75,"f:139:24:139:30":26,"s:140:4:144:Infinity":76,"f:140:23:140:29":27,"s:141:6:141:Infinity":77,"f:142:13:142:14":28,"s:143:6:143:Infinity":78,"s:147:26:149:Infinity":79,"f:147:26:147:32":29,"s:148:4:148:Infinity":80,"s:151:28:153:Infinity":81,"f:151:28:151:29":30,"s:152:4:152:Infinity":82,"b:152:58:152:65:152:65:152:73":11,"s:155:25:160:Infinity":83,"f:155:25:155:26":31,"b:156:4:159:Infinity:undefined:undefined:undefined:undefined":12,"s:156:4:159:Infinity":84,"s:157:6:157:Infinity":85,"s:158:6:158:Infinity":86,"s:162:27:169:Infinity":87,"f:162:27:162:28":32,"b:163:4:167:Infinity:165:11:167:Infinity":13,"s:163:4:167:Infinity":88,"s:164:6:164:Infinity":89,"s:166:6:166:Infinity":90,"s:168:4:168:Infinity":91,"s:171:28:174:Infinity":92,"f:171:28:171:29":33,"s:172:4:172:Infinity":93,"s:173:4:173:Infinity":94,"b:177:2:179:Infinity:undefined:undefined:undefined:undefined":14,"s:177:2:179:Infinity":95,"s:178:4:178:Infinity":96,"b:181:2:183:Infinity:undefined:undefined:undefined:undefined":15,"s:181:2:183:Infinity":97,"s:182:4:182:Infinity":98,"s:185:2:298:Infinity":99,"f:192:23:192:24":34,"s:193:12:203:Infinity":100,"f:196:23:196:29":35,"s:196:29:196:Infinity":101,"b:198:24:198:41:198:41:198:205":16,"b:200:15:200:Infinity:201:16:201:Infinity":17,"f:208:49:208:55":36,"s:208:55:208:Infinity":102,"b:211:11:211:19:211:19:211:Infinity:212:12:215:Infinity":18,"f:212:43:212:49":37,"s:212:49:212:Infinity":103,"b:213:24:213:46:213:46:213:210":19,"f:227:26:227:32":38,"s:227:32:227:Infinity":104,"f:228:26:228:32":39,"s:228:32:228:Infinity":105,"b:231:13:231:Infinity:232:14:250:Infinity":20,"b:235:18:246:Infinity:248:18:248:Infinity":21,"f:235:36:235:Infinity":40,"s:236:20:245:Infinity":106,"b:237:32:237:48:237:48:237:212":22,"b:239:23:239:Infinity:240:24:243:Infinity":23,"f:241:45:241:51":41,"s:241:51:241:88":107,"f:242:45:242:51":42,"s:242:51:242:77":108,"b:260:16:262:Infinity:264:16:293:Infinity":24,"f:264:28:264:29":43,"s:265:20:292:Infinity":109,"b:266:34:266:51:266:51:266:215":25,"b:269:29:269:Infinity:270:32:270:Infinity":26,"f:274:66:274:72":44,"s:274:72:274:Infinity":110,"f:278:71:278:77":45,"s:278:77:278:107":111,"b:279:31:279:Infinity:280:32:288:Infinity":27,"f:281:78:281:84":46,"s:281:84:281:111":112,"f:282:78:282:84":47,"s:282:84:282:Infinity":113,"b:283:54:283:65:283:65:283:Infinity":28,"f:285:78:285:84":48,"s:285:84:285:Infinity":114,"b:286:61:286:82:286:82:286:Infinity":29}}}
,"/home/user/bonfire/src/react/GlobalNotificationListener.jsx": {"path":"/home/user/bonfire/src/react/GlobalNotificationListener.jsx","statementMap":{"0":{"start":{"line":9,"column":35},"end":{"line":178,"column":null}},"1":{"start":{"line":10,"column":17},"end":{"line":10,"column":null}},"2":{"start":{"line":11,"column":20},"end":{"line":11,"column":null}},"3":{"start":{"line":12,"column":26},"end":{"line":12,"column":null}},"4":{"start":{"line":13,"column":29},"end":{"line":13,"column":null}},"5":{"start":{"line":14,"column":40},"end":{"line":14,"column":null}},"6":{"start":{"line":15,"column":36},"end":{"line":15,"column":null}},"7":{"start":{"line":17,"column":22},"end":{"line":19,"column":null}},"8":{"start":{"line":18,"column":8},"end":{"line":18,"column":null}},"9":{"start":{"line":21,"column":10},"end":{"line":21,"column":null}},"10":{"start":{"line":22,"column":10},"end":{"line":22,"column":null}},"11":{"start":{"line":23,"column":29},"end":{"line":23,"column":null}},"12":{"start":{"line":24,"column":29},"end":{"line":24,"column":null}},"13":{"start":{"line":26,"column":4},"end":{"line":38,"column":null}},"14":{"start":{"line":27,"column":8},"end":{"line":27,"column":null}},"15":{"start":{"line":27,"column":19},"end":{"line":27,"column":null}},"16":{"start":{"line":28,"column":8},"end":{"line":37,"column":null}},"17":{"start":{"line":29,"column":40},"end":{"line":29,"column":null}},"18":{"start":{"line":30,"column":12},"end":{"line":30,"column":null}},"19":{"start":{"line":31,"column":36},"end":{"line":31,"column":null}},"20":{"start":{"line":32,"column":12},"end":{"line":32,"column":null}},"21":{"start":{"line":34,"column":12},"end":{"line":34,"column":null}},"22":{"start":{"line":35,"column":12},"end":{"line":35,"column":null}},"23":{"start":{"line":36,"column":12},"end":{"line":36,"column":null}},"24":{"start":{"line":40,"column":4},"end":{"line":52,"column":null}},"25":{"start":{"line":41,"column":8},"end":{"line":41,"column":null}},"26":{"start":{"line":41,"column":43},"end":{"line":41,"column":null}},"27":{"start":{"line":43,"column":29},"end":{"line":49,"column":null}},"28":{"start":{"line":44,"column":27},"end":{"line":44,"column":null}},"29":{"start":{"line":45,"column":18},"end":{"line":45,"column":null}},"30":{"start":{"line":46,"column":12},"end":{"line":48,"column":null}},"31":{"start":{"line":47,"column":16},"end":{"line":47,"column":null}},"32":{"start":{"line":47,"column":39},"end":{"line":47,"column":96}},"33":{"start":{"line":51,"column":8},"end":{"line":51,"column":null}},"34":{"start":{"line":51,"column":21},"end":{"line":51,"column":null}},"35":{"start":{"line":51,"column":51},"end":{"line":51,"column":58}},"36":{"start":{"line":54,"column":4},"end":{"line":93,"column":null}},"37":{"start":{"line":55,"column":8},"end":{"line":58,"column":null}},"38":{"start":{"line":56,"column":12},"end":{"line":56,"column":null}},"39":{"start":{"line":57,"column":12},"end":{"line":57,"column":null}},"40":{"start":{"line":60,"column":29},"end":{"line":90,"column":null}},"41":{"start":{"line":61,"column":12},"end":{"line":68,"column":null}},"42":{"start":{"line":62,"column":16},"end":{"line":66,"column":null}},"43":{"start":{"line":63,"column":38},"end":{"line":63,"column":null}},"44":{"start":{"line":64,"column":20},"end":{"line":64,"column":null}},"45":{"start":{"line":65,"column":20},"end":{"line":65,"column":null}},"46":{"start":{"line":67,"column":16},"end":{"line":67,"column":null}},"47":{"start":{"line":70,"column":27},"end":{"line":70,"column":null}},"48":{"start":{"line":71,"column":18},"end":{"line":71,"column":null}},"49":{"start":{"line":72,"column":18},"end":{"line":72,"column":null}},"50":{"start":{"line":74,"column":12},"end":{"line":89,"column":null}},"51":{"start":{"line":75,"column":36},"end":{"line":75,"column":null}},"52":{"start":{"line":78,"column":16},"end":{"line":83,"column":null}},"53":{"start":{"line":79,"column":49},"end":{"line":79,"column":null}},"54":{"start":{"line":79,"column":77},"end":{"line":79,"column":97}},"55":{"start":{"line":80,"column":20},"end":{"line":80,"column":null}},"56":{"start":{"line":82,"column":20},"end":{"line":82,"column":null}},"57":{"start":{"line":85,"column":16},"end":{"line":88,"column":null}},"58":{"start":{"line":85,"column":47},"end":{"line":88,"column":18}},"59":{"start":{"line":92,"column":8},"end":{"line":92,"column":null}},"60":{"start":{"line":92,"column":21},"end":{"line":92,"column":null}},"61":{"start":{"line":92,"column":51},"end":{"line":92,"column":58}},"62":{"start":{"line":95,"column":4},"end":{"line":147,"column":null}},"63":{"start":{"line":96,"column":8},"end":{"line":98,"column":null}},"64":{"start":{"line":97,"column":12},"end":{"line":97,"column":null}},"65":{"start":{"line":100,"column":29},"end":{"line":144,"column":null}},"66":{"start":{"line":101,"column":12},"end":{"line":101,"column":null}},"67":{"start":{"line":101,"column":32},"end":{"line":101,"column":null}},"68":{"start":{"line":102,"column":27},"end":{"line":102,"column":null}},"69":{"start":{"line":103,"column":18},"end":{"line":103,"column":null}},"70":{"start":{"line":104,"column":18},"end":{"line":108,"column":null}},"71":{"start":{"line":110,"column":12},"end":{"line":143,"column":null}},"72":{"start":{"line":111,"column":46},"end":{"line":111,"column":null}},"73":{"start":{"line":112,"column":16},"end":{"line":119,"column":null}},"74":{"start":{"line":113,"column":20},"end":{"line":118,"column":null}},"75":{"start":{"line":114,"column":40},"end":{"line":114,"column":null}},"76":{"start":{"line":115,"column":24},"end":{"line":117,"column":null}},"77":{"start":{"line":116,"column":28},"end":{"line":116,"column":null}},"78":{"start":{"line":121,"column":16},"end":{"line":131,"column":null}},"79":{"start":{"line":122,"column":20},"end":{"line":128,"column":null}},"80":{"start":{"line":129,"column":20},"end":{"line":129,"column":null}},"81":{"start":{"line":130,"column":20},"end":{"line":130,"column":null}},"82":{"start":{"line":133,"column":16},"end":{"line":140,"column":null}},"83":{"start":{"line":134,"column":36},"end":{"line":134,"column":null}},"84":{"start":{"line":135,"column":41},"end":{"line":135,"column":null}},"85":{"start":{"line":136,"column":20},"end":{"line":139,"column":null}},"86":{"start":{"line":137,"column":24},"end":{"line":137,"column":null}},"87":{"start":{"line":138,"column":24},"end":{"line":138,"column":null}},"88":{"start":{"line":142,"column":16},"end":{"line":142,"column":null}},"89":{"start":{"line":146,"column":8},"end":{"line":146,"column":null}},"90":{"start":{"line":146,"column":21},"end":{"line":146,"column":null}},"91":{"start":{"line":146,"column":51},"end":{"line":146,"column":58}},"92":{"start":{"line":149,"column":4},"end":{"line":175,"column":null}},"93":{"start":{"line":150,"column":31},"end":{"line":152,"column":null}},"94":{"start":{"line":151,"column":32},"end":{"line":151,"column":41}},"95":{"start":{"line":151,"column":52},"end":{"line":151,"column":56}},"96":{"start":{"line":154,"column":28},"end":{"line":156,"column":null}},"97":{"start":{"line":155,"column":36},"end":{"line":155,"column":65}},"98":{"start":{"line":156,"column":40},"end":{"line":156,"column":53}},"99":{"start":{"line":158,"column":8},"end":{"line":158,"column":null}},"100":{"start":{"line":160,"column":8},"end":{"line":174,"column":null}},"101":{"start":{"line":161,"column":26},"end":{"line":161,"column":null}},"102":{"start":{"line":162,"column":34},"end":{"line":162,"column":null}},"103":{"start":{"line":164,"column":12},"end":{"line":169,"column":null}},"104":{"start":{"line":165,"column":16},"end":{"line":168,"column":null}},"105":{"start":{"line":166,"column":20},"end":{"line":166,"column":null}},"106":{"start":{"line":167,"column":20},"end":{"line":167,"column":null}},"107":{"start":{"line":171,"column":12},"end":{"line":173,"column":null}},"108":{"start":{"line":172,"column":16},"end":{"line":172,"column":null}},"109":{"start":{"line":177,"column":4},"end":{"line":177,"column":null}}},"fnMap":{"0":{"name":"(anonymous_0)","decl":{"start":{"line":9,"column":35},"end":{"line":9,"column":41}},"loc":{"start":{"line":9,"column":41},"end":{"line":178,"column":null}},"line":9},"1":{"name":"(anonymous_1)","decl":{"start":{"line":17,"column":22},"end":{"line":17,"column":23}},"loc":{"start":{"line":17,"column":38},"end":{"line":19,"column":null}},"line":17},"2":{"name":"(anonymous_2)","decl":{"start":{"line":26,"column":14},"end":{"line":26,"column":20}},"loc":{"start":{"line":26,"column":20},"end":{"line":38,"column":7}},"line":26},"3":{"name":"(anonymous_3)","decl":{"start":{"line":40,"column":14},"end":{"line":40,"column":20}},"loc":{"start":{"line":40,"column":20},"end":{"line":52,"column":7}},"line":40},"4":{"name":"(anonymous_4)","decl":{"start":{"line":43,"column":41},"end":{"line":43,"column":51}},"loc":{"start":{"line":43,"column":51},"end":{"line":49,"column":9}},"line":43},"5":{"name":"(anonymous_5)","decl":{"start":{"line":46,"column":39},"end":{"line":46,"column":40}},"loc":{"start":{"line":46,"column":48},"end":{"line":48,"column":13}},"line":46},"6":{"name":"(anonymous_6)","decl":{"start":{"line":47,"column":30},"end":{"line":47,"column":39}},"loc":{"start":{"line":47,"column":39},"end":{"line":47,"column":96}},"line":47},"7":{"name":"(anonymous_7)","decl":{"start":{"line":51,"column":15},"end":{"line":51,"column":21}},"loc":{"start":{"line":51,"column":21},"end":{"line":51,"column":null}},"line":51},"8":{"name":"(anonymous_8)","decl":{"start":{"line":51,"column":42},"end":{"line":51,"column":51}},"loc":{"start":{"line":51,"column":51},"end":{"line":51,"column":58}},"line":51},"9":{"name":"(anonymous_9)","decl":{"start":{"line":54,"column":14},"end":{"line":54,"column":20}},"loc":{"start":{"line":54,"column":20},"end":{"line":93,"column":7}},"line":54},"10":{"name":"(anonymous_10)","decl":{"start":{"line":60,"column":41},"end":{"line":60,"column":51}},"loc":{"start":{"line":60,"column":51},"end":{"line":90,"column":9}},"line":60},"11":{"name":"(anonymous_11)","decl":{"start":{"line":62,"column":32},"end":{"line":62,"column":46}},"loc":{"start":{"line":62,"column":46},"end":{"line":66,"column":17}},"line":62},"12":{"name":"(anonymous_12)","decl":{"start":{"line":67,"column":23},"end":{"line":67,"column":29}},"loc":{"start":{"line":67,"column":29},"end":{"line":67,"column":null}},"line":67},"13":{"name":"(anonymous_13)","decl":{"start":{"line":74,"column":33},"end":{"line":74,"column":45}},"loc":{"start":{"line":74,"column":45},"end":{"line":89,"column":13}},"line":74},"14":{"name":"(anonymous_14)","decl":{"start":{"line":79,"column":70},"end":{"line":79,"column":77}},"loc":{"start":{"line":79,"column":77},"end":{"line":79,"column":97}},"line":79},"15":{"name":"(anonymous_15)","decl":{"start":{"line":85,"column":32},"end":{"line":85,"column":47}},"loc":{"start":{"line":85,"column":47},"end":{"line":88,"column":18}},"line":85},"16":{"name":"(anonymous_16)","decl":{"start":{"line":92,"column":15},"end":{"line":92,"column":21}},"loc":{"start":{"line":92,"column":21},"end":{"line":92,"column":null}},"line":92},"17":{"name":"(anonymous_17)","decl":{"start":{"line":92,"column":42},"end":{"line":92,"column":51}},"loc":{"start":{"line":92,"column":51},"end":{"line":92,"column":58}},"line":92},"18":{"name":"(anonymous_18)","decl":{"start":{"line":95,"column":14},"end":{"line":95,"column":20}},"loc":{"start":{"line":95,"column":20},"end":{"line":147,"column":7}},"line":95},"19":{"name":"(anonymous_19)","decl":{"start":{"line":100,"column":41},"end":{"line":100,"column":51}},"loc":{"start":{"line":100,"column":51},"end":{"line":144,"column":9}},"line":100},"20":{"name":"(anonymous_20)","decl":{"start":{"line":101,"column":39},"end":{"line":101,"column":45}},"loc":{"start":{"line":101,"column":45},"end":{"line":101,"column":null}},"line":101},"21":{"name":"(anonymous_21)","decl":{"start":{"line":110,"column":33},"end":{"line":110,"column":34}},"loc":{"start":{"line":110,"column":47},"end":{"line":141,"column":15}},"line":110},"22":{"name":"(anonymous_22)","decl":{"start":{"line":112,"column":46},"end":{"line":112,"column":56}},"loc":{"start":{"line":112,"column":56},"end":{"line":119,"column":17}},"line":112},"23":{"name":"(anonymous_23)","decl":{"start":{"line":141,"column":15},"end":{"line":141,"column":16}},"loc":{"start":{"line":141,"column":26},"end":{"line":143,"column":13}},"line":141},"24":{"name":"(anonymous_24)","decl":{"start":{"line":146,"column":15},"end":{"line":146,"column":21}},"loc":{"start":{"line":146,"column":21},"end":{"line":146,"column":null}},"line":146},"25":{"name":"(anonymous_25)","decl":{"start":{"line":146,"column":42},"end":{"line":146,"column":51}},"loc":{"start":{"line":146,"column":51},"end":{"line":146,"column":58}},"line":146},"26":{"name":"(anonymous_26)","decl":{"start":{"line":149,"column":14},"end":{"line":149,"column":20}},"loc":{"start":{"line":149,"column":20},"end":{"line":175,"column":7}},"line":149},"27":{"name":"(anonymous_27)","decl":{"start":{"line":151,"column":27},"end":{"line":151,"column":32}},"loc":{"start":{"line":151,"column":32},"end":{"line":151,"column":41}},"line":151},"28":{"name":"(anonymous_28)","decl":{"start":{"line":151,"column":47},"end":{"line":151,"column":52}},"loc":{"start":{"line":151,"column":52},"end":{"line":151,"column":56}},"line":151},"29":{"name":"(anonymous_29)","decl":{"start":{"line":155,"column":20},"end":{"line":155,"column":21}},"loc":{"start":{"line":155,"column":36},"end":{"line":155,"column":65}},"line":155},"30":{"name":"(anonymous_30)","decl":{"start":{"line":156,"column":20},"end":{"line":156,"column":21}},"loc":{"start":{"line":156,"column":40},"end":{"line":156,"column":53}},"line":156},"31":{"name":"(anonymous_31)","decl":{"start":{"line":164,"column":49},"end":{"line":164,"column":50}},"loc":{"start":{"line":164,"column":72},"end":{"line":169,"column":13}},"line":164}},"branchMap":{"0":{"loc":{"start":{"line":27,"column":8},"end":{"line":27,"column":null}},"type":"if","locations":[{"start":{"line":27,"column":8},"end":{"line":27,"column":null}},{"start":{},"end":{}}],"line":27},"1":{"loc":{"start":{"line":29,"column":51},"end":{"line":29,"column":99}},"type":"binary-expr","locations":[{"start":{"line":29,"column":51},"end":{"line":29,"column":95}},{"start":{"line":29,"column":95},"end":{"line":29,"column":99}}],"line":29},"2":{"loc":{"start":{"line":32,"column":39},"end":{"line":32,"column":null}},"type":"binary-expr","locations":[{"start":{"line":32,"column":39},"end":{"line":32,"column":58}},{"start":{"line":32,"column":39},"end":{"line":32,"column":null}}],"line":32},"3":{"loc":{"start":{"line":41,"column":8},"end":{"line":41,"column":null}},"type":"if","locations":[{"start":{"line":41,"column":8},"end":{"line":41,"column":null}},{"start":{},"end":{}}],"line":41},"4":{"loc":{"start":{"line":41,"column":12},"end":{"line":41,"column":43}},"type":"binary-expr","locations":[{"start":{"line":41,"column":12},"end":{"line":41,"column":21}},{"start":{"line":41,"column":21},"end":{"line":41,"column":43}}],"line":41},"5":{"loc":{"start":{"line":55,"column":8},"end":{"line":58,"column":null}},"type":"if","locations":[{"start":{"line":55,"column":8},"end":{"line":58,"column":null}},{"start":{},"end":{}}],"line":55},"6":{"loc":{"start":{"line":55,"column":12},"end":{"line":55,"column":43}},"type":"binary-expr","locations":[{"start":{"line":55,"column":12},"end":{"line":55,"column":21}},{"start":{"line":55,"column":21},"end":{"line":55,"column":43}}],"line":55},"7":{"loc":{"start":{"line":61,"column":12},"end":{"line":68,"column":null}},"type":"if","locations":[{"start":{"line":61,"column":12},"end":{"line":68,"column":null}},{"start":{},"end":{}}],"line":61},"8":{"loc":{"start":{"line":78,"column":16},"end":{"line":83,"column":null}},"type":"if","locations":[{"start":{"line":78,"column":16},"end":{"line":83,"column":null}},{"start":{"line":81,"column":23},"end":{"line":83,"column":null}}],"line":78},"9":{"loc":{"start":{"line":96,"column":8},"end":{"line":98,"column":null}},"type":"if","locations":[{"sta
[...]
"column":12},"end":{"line":52,"column":null}},"32":{"start":{"line":56,"column":27},"end":{"line":63,"column":5}},"33":{"start":{"line":57,"column":26},"end":{"line":57,"column":70}},"34":{"start":{"line":58,"column":8},"end":{"line":62,"column":null}},"35":{"start":{"line":59,"column":12},"end":{"line":59,"column":null}},"36":{"start":{"line":61,"column":12},"end":{"line":61,"column":null}},"37":{"start":{"line":65,"column":4},"end":{"line":65,"column":null}}},"fnMap":{"0":{"name":"(anonymous_0)","decl":{"start":{"line":6,"column":26},"end":{"line":6,"column":27}},"loc":{"start":{"line":6,"column":32},"end":{"line":66,"column":1}},"line":6},"1":{"name":"(anonymous_1)","decl":{"start":{"line":12,"column":14},"end":{"line":12,"column":15}},"loc":{"start":{"line":12,"column":20},"end":{"line":34,"column":5}},"line":12},"2":{"name":"(anonymous_2)","decl":{"start":{"line":20,"column":42},"end":{"line":20,"column":47}},"loc":{"start":{"line":20,"column":62},"end":{"line":28,"column":9}},"line":20},"3":{"name":"(anonymous_3)","decl":{"start":{"line":21,"column":69},"end":{"line":21,"column":74}},"loc":{"start":{"line":21,"column":82},"end":{"line":25,"column":13}},"line":21},"4":{"name":"(anonymous_4)","decl":{"start":{"line":28,"column":11},"end":{"line":28,"column":12}},"loc":{"start":{"line":28,"column":20},"end":{"line":31,"column":9}},"line":28},"5":{"name":"(anonymous_5)","decl":{"start":{"line":33,"column":15},"end":{"line":33,"column":16}},"loc":{"start":{"line":33,"column":21},"end":{"line":33,"column":34}},"line":33},"6":{"name":"(anonymous_6)","decl":{"start":{"line":36,"column":26},"end":{"line":36,"column":31}},"loc":{"start":{"line":36,"column":55},"end":{"line":54,"column":5}},"line":36},"7":{"name":"(anonymous_7)","decl":{"start":{"line":56,"column":27},"end":{"line":56,"column":32}},"loc":{"start":{"line":56,"column":48},"end":{"line":63,"column":5}},"line":56}},"branchMap":{"0":{"loc":{"start":{"line":13,"column":8},"end":{"line":16,"column":null}},"type":"if","locations":[{"start":{"line":13,"column":8},"end":{"line":16,"column":null}},{"start":{},"end":{}}],"line":13},"1":{"loc":{"start":{"line":37,"column":8},"end":{"line":37,"column":null}},"type":"if","locations":[{"start":{"line":37,"column":8},"end":{"line":37,"column":null}},{"start":{},"end":{}}],"line":37}},"s":{"0":1,"1":0,"2":0,"3":0,"4":0,"5":0,"6":0,"7":0,"8":0,"9":0,"10":0,"11":0,"12":0,"13":0,"14":0,"15":0,"16":0,"17":0,"18":0,"19":0,"20":0,"21":0,"22":0,"23":0,"24":0,"25":0,"26":0,"27":0,"28":0,"29":0,"30":0,"31":0,"32":0,"33":0,"34":0,"35":0,"36":0,"37":0},"f":{"0":0,"1":0,"2":0,"3":0,"4":0,"5":0,"6":0,"7":0},"b":{"0":[0,0],"1":[0,0]},"meta":{"lastBranch":2,"lastFunction":8,"lastStatement":38,"seen":{"s:6:26:66:1":0,"f:6:26:6:27":0,"s:7:20:7:30":1,"s:8:35:8:48":2,"s:9:33:9:48":3,"s:10:29:10:44":4,"s:12:3:34:Infinity":5,"f:12:14:12:15":1,"b:13:8:16:Infinity:undefined:undefined:undefined:undefined":0,"s:13:8:16:Infinity":6,"s:14:12:14:Infinity":7,"s:15:12:15:Infinity":8,"s:18:17:18:127":9,"s:20:27:31:10":10,"f:20:42:20:47":2,"s:21:33:25:15":11,"f:21:69:21:74":3,"s:22:32:22:57":12,"s:23:32:23:83":13,"s:24:16:24:Infinity":14,"s:26:12:26:Infinity":15,"s:27:12:27:Infinity":16,"f:28:11:28:12":4,"s:29:12:29:Infinity":17,"s:30:12:30:Infinity":18,"s:33:8:33:Infinity":19,"f:33:15:33:16":5,"s:33:21:33:34":20,"s:36:26:54:5":21,"f:36:26:36:31":6,"b:37:8:37:Infinity:undefined:undefined:undefined:undefined":1,"s:37:8:37:Infinity":22,"s:37:19:37:Infinity":23,"s:39:23:39:57":24,"s:40:25:40:57":25,"s:41:26:41:70":26,"s:43:8:53:Infinity":27,"s:44:12:46:Infinity":28,"s:47:12:49:Infinity":29,"s:50:12:50:Infinity":30,"s:52:12:52:Infinity":31,"s:56:27:63:5":32,"f:56:27:56:32":7,"s:57:26:57:70":33,"s:58:8:62:Infinity":34,"s:59:12:59:Infinity":35,"s:61:12:61:Infinity":36,"s:65:4:65:Infinity":37}}}
,"/home/user/bonfire/src/react/hooks/useFriends.js": {"path":"/home/user/bonfire/src/react/hooks/useFriends.js","statementMap":{"0":{"start":{"line":6,"column":19},"end":{"line":120,"column":1}},"1":{"start":{"line":7,"column":20},"end":{"line":7,"column":30}},"2":{"start":{"line":8,"column":33},"end":{"line":8,"column":46}},"3":{"start":{"line":9,"column":33},"end":{"line":9,"column":48}},"4":{"start":{"line":10,"column":29},"end":{"line":10,"column":44}},"5":{"start":{"line":12,"column":3},"end":{"line":53,"column":null}},"6":{"start":{"line":13,"column":8},"end":{"line":17,"column":null}},"7":{"start":{"line":14,"column":12},"end":{"line":14,"column":null}},"8":{"start":{"line":15,"column":12},"end":{"line":15,"column":null}},"9":{"start":{"line":16,"column":12},"end":{"line":16,"column":null}},"10":{"start":{"line":19,"column":26},"end":{"line":19,"column":60}},"11":{"start":{"line":21,"column":27},"end":{"line":50,"column":10}},"12":{"start":{"line":22,"column":12},"end":{"line":44,"column":null}},"13":{"start":{"line":23,"column":34},"end":{"line":23,"column":60}},"14":{"start":{"line":24,"column":16},"end":{"line":43,"column":null}},"15":{"start":{"line":25,"column":40},"end":{"line":25,"column":116}},"16":{"start":{"line":26,"column":20},"end":{"line":40,"column":null}},"17":{"start":{"line":27,"column":46},"end":{"line":27,"column":73}},"18":{"start":{"line":28,"column":44},"end":{"line":35,"column":27}},"19":{"start":{"line":29,"column":43},"end":{"line":29,"column":72}},"20":{"start":{"line":30,"column":46},"end":{"line":30,"column":77}},"21":{"start":{"line":31,"column":45},"end":{"line":31,"column":132}},"22":{"start":{"line":32,"column":49},"end":{"line":32,"column":73}},"23":{"start":{"line":33,"column":28},"end":{"line":33,"column":null}},"24":{"start":{"line":34,"column":28},"end":{"line":34,"column":null}},"25":{"start":{"line":36,"column":24},"end":{"line":36,"column":null}},"26":{"start":{"line":38,"column":25},"end":{"line":38,"column":null}},"27":{"start":{"line":39,"column":25},"end":{"line":39,"column":null}},"28":{"start":{"line":42,"column":20},"end":{"line":42,"column":null}},"29":{"start":{"line":45,"column":12},"end":{"line":45,"column":null}},"30":{"start":{"line":47,"column":12},"end":{"line":47,"column":null}},"31":{"start":{"line":48,"column":12},"end":{"line":48,"column":null}},"32":{"start":{"line":49,"column":12},"end":{"line":49,"column":null}},"33":{"start":{"line":52,"column":8},"end":{"line":52,"column":null}},"34":{"start":{"line":52,"column":21},"end":{"line":52,"column":34}},"35":{"start":{"line":55,"column":21},"end":{"line":93,"column":5}},"36":{"start":{"line":56,"column":8},"end":{"line":59,"column":null}},"37":{"start":{"line":57,"column":12},"end":{"line":57,"column":null}},"38":{"start":{"line":58,"column":12},"end":{"line":58,"column":null}},"39":{"start":{"line":61,"column":8},"end":{"line":92,"column":null}},"40":{"start":{"line":63,"column":30},"end":{"line":63,"column":64}},"41":{"start":{"line":64,"column":12},"end":{"line":66,"column":null}},"42":{"start":{"line":68,"column":32},"end":{"line":68,"column":66}},"43":{"start":{"line":69,"column":12},"end":{"line":71,"column":null}},"44":{"start":{"line":74,"column":27},"end":{"line":74,"column":64}},"45":{"start":{"line":75,"column":30},"end":{"line":75,"column":62}},"46":{"start":{"line":76,"column":41},"end":{"line":76,"column":76}},"47":{"start":{"line":79,"column":37},"end":{"line":79,"column":73}},"48":{"start":{"line":80,"column":35},"end":{"line":80,"column":87}},"49":{"start":{"line":80,"column":67},"end":{"line":80,"column":86}},"50":{"start":{"line":81,"column":12},"end":{"line":81,"column":null}},"51":{"start":{"line":84,"column":12},"end":{"line":84,"column":null}},"52":{"start":{"line":87,"column":12},"end":{"line":87,"column":null}},"53":{"start":{"line":87,"column":38},"end":{"line":87,"column":90}},"54":{"start":{"line":87,"column":67},"end":{"line":87,"column":89}},"55":{"start":{"line":90,"column":12},"end":{"line":90,"column":null}},"56":{"start":{"line":91,"column":12},"end":{"line":91,"column":null}},"57":{"start":{"line":95,"column":21},"end":{"line":105,"column":5}},"58":{"start":{"line":96,"column":8},"end":{"line":96,"column":null}},"59":{"start":{"line":96,"column":18},"end":{"line":96,"column":null}},"60":{"start":{"line":97,"column":26},"end":{"line":97,"column":77}},"61":{"start":{"line":98,"column":8},"end":{"line":104,"column":null}},"62":{"start":{"line":99,"column":12},"end":{"line":99,"column":null}},"63":{"start":{"line":100,"column":12},"end":{"line":100,"column":null}},"64":{"start":{"line":100,"column":40},"end":{"line":100,"column":87}},"65":{"start":{"line":102,"column":12},"end":{"line":102,"column":null}},"66":{"start":{"line":103,"column":12},"end":{"line":103,"column":null}},"67":{"start":{"line":107,"column":23},"end":{"line":117,"column":5}},"68":{"start":{"line":108,"column":8},"end":{"line":108,"column":null}},"69":{"start":{"line":108,"column":18},"end":{"line":108,"column":null}},"70":{"start":{"line":109,"column":26},"end":{"line":109,"column":77}},"71":{"start":{"line":110,"column":8},"end":{"line":116,"column":null}},"72":{"start":{"line":111,"column":12},"end":{"line":111,"column":null}},"73":{"start":{"line":112,"column":12},"end":{"line":112,"column":null}},"74":{"start":{"line":112,"column":40},"end":{"line":112,"column":88}},"75":{"start":{"line":114,"column":12},"end":{"line":114,"column":null}},"76":{"start":{"line":115,"column":12},"end":{"line":115,"column":null}},"77":{"start":{"line":119,"column":4},"end":{"line":119,"column":null}}},"fnMap":{"0":{"name":"(anonymous_0)","decl":{"start":{"line":6,"column":19},"end":{"line":6,"column":20}},"loc":{"start":{"line":6,"column":25},"end":{"line":120,"column":1}},"line":6},"1":{"name":"(anonymous_1)","decl":{"start":{"line":12,"column":14},"end":{"line":12,"column":15}},"loc":{"start":{"line":12,"column":20},"end":{"line":53,"column":5}},"line":12},"2":{"name":"(anonymous_2)","decl":{"start":{"line":21,"column":51},"end":{"line":21,"column":56}},"loc":{"start":{"line":21,"column":74},"end":{"line":46,"column":9}},"line":21},"3":{"name":"(anonymous_3)","decl":{"start":{"line":28,"column":85},"end":{"line":28,"column":90}},"loc":{"start":{"line":28,"column":100},"end":{"line":35,"column":25}},"line":28},"4":{"name":"(anonymous_4)","decl":{"start":{"line":46,"column":11},"end":{"line":46,"column":12}},"loc":{"start":{"line":46,"column":20},"end":{"line":50,"column":9}},"line":46},"5":{"name":"(anonymous_5)","decl":{"start":{"line":52,"column":15},"end":{"line":52,"column":16}},"loc":{"start":{"line":52,"column":21},"end":{"line":52,"column":34}},"line":52},"6":{"name":"(anonymous_6)","decl":{"start":{"line":55,"column":21},"end":{"line":55,"column":26}},"loc":{"start":{"line":55,"column":41},"end":{"line":93,"column":5}},"line":55},"7":{"name":"(anonymous_7)","decl":{"start":{"line":80,"column":61},"end":{"line":80,"column":64}},"loc":{"start":{"line":80,"column":67},"end":{"line":80,"column":86}},"line":80},"8":{"name":"(anonymous_8)","decl":{"start":{"line":87,"column":23},"end":{"line":87,"column":34}},"loc":{"start":{"line":87,"column":38},"end":{"line":87,"column":90}},"line":87},"9":{"name":"(anonymous_9)","decl":{"start":{"line":87,"column":57},"end":{"line":87,"column":63}},"loc":{"start":{"line":87,"column":67},"end":{"line":87,"column":89}},"line":87},"10":{"name":"(anonymous_10)","decl":{"start":{"line":95,"column":21},"end":{"line":95,"column":26}},"loc":{"start":{"line":95,"column":41},"end":{"line":105,"column":5}},"line":95},"11":{"name":"(anonymous_11)","decl":{"start":{"line":100,"column":35},"end":{"line":100,"column":36}},"loc":{"start":{"line":100,"column":40},"end":{"line":100,"column":87}},"line":100},"12":{"name":"(anonymous_12)","decl":{"start":{"line":107,"column":23},"end":{"line":107,"column":28}},"loc":{"start":{"line":107,"column":43},"end":{"line":117,"column":5}},"line":107},"13":{"name":"(anonymous_13)","decl":{"start":{"line":112,"column":35},"end":{"line":112,"column":36}},"loc":{"start":{"line":112,"column":40},"end":{"line":112,"column":88}},"line":112}},"branchMap":{"0":{"loc":{"start":{"line":13,"column":8},"end":{"line":17,"column":null}},"type":"if","locations":[{"start":{"line":13,"column":8},"end":{"line":17,"column":null}},{"start":{},"end":{}}],"line":13},"1":{"loc":{"start":{"line":22,"column":12},"end":{"line":44,"column":null}},"type":"if","locations":[{"start":{"line":22,"column":12},"end":{"line":44,"column":null}},{"start":{},"end":{}}],"line":22},"2":{"loc":{"start":{"line":24,"column":16},"end":{"line":43,"column":null}},"type":"if","locations":[{"start":{"line":24,"column":16},"end":{"line":43,"column":null}},{"start":{"line":41,"column":23},"end":{"line":43,"column":null}}],"line":24},"3":{"loc":{"start":{"line":24,"column":20},"end":{"line":24,"column":53}},"type":"binary-expr","locations":[{"start":{"line":24,"column":20},"end":{"line":24,"column":29}},{"start":{"line":24,"column":33},"end":{"line":24,"column":53}}],"line":24},"4":{"loc":{"start":{"line":56,"column":8},"end":{"line":59,"column":null}},"type":"if","locations":[{"start":{"line":56,"column":8},"end":{"line":59,"column":null}},{"start":{},"end":{}}],"line":56},"5":{"loc":{"start":{"line":96,"column":8},"end":{"line":96,"column":null}},"type":"if","locations":[{"start":{"line":96,"column":8},"end":{"line":96,"column":null}},{"start":{},"end":{}}],"line":96},"6":{"loc":{"start":{"line":100,"column":40},"end":{"line":100,"column":87}},"type":"cond-expr","locations":[{"start":{"line":100,"column":60},"end":{"line":100,"column":83}},{"start":{"line":100,"column":86},"end":{"line":100,"column":87}}],"line":100},"7":{"loc":{"start":{"line":108,"column":8},"end":{"line":108,"column":null}},"type":"if","locations":[{"start":{"line":108,"column":8},"end":{"line":108,"column":null}},{"start":{},"end":{}}],"line":108},"8":{"loc":{"start":{"line":112,"column":40},"end":{"line":112,"column":88}},"type":"cond-expr","locations":[{"start":{"line":112,"column":60},"end":{"line":112,"column":84}},{"start":{"line":112,"column":87},"end":{"line":112,"column":88}}],"line":112}},"s":{"0":1,"1":0,"2":0,"3":0,"4":0,"5":0,"6":0,"7":0,"8":0,"9":0,"10":0,"11":0,"12":0,"13":0,"14":0,"15":0,"16":0,"17":0,"18":0,"19":0,"20":0,"21":0,"22":0,"23":0,"24":0,"25":0,"26":0,"27":0,"28":0,"29":0,"30":0,"31":0,"32":0,"33":0,"34":0,"35":0,"36":0,"37":0,"38":0,"39":0,"40":0,"41":0,"42":0,"43":0,"44":0,"45":0,"46":0,"47":0,"48":0,"49":0,"50":0,"51":0,"52":0,"53":0,"54":0,"55":0,"56":0,"57":0,"58":0,"59":0,"60":0,"61":0,"62":0,"63":0,"64":0,"65":0,"66":0,"67":0,"68":0,"69":0,"70":0,"71":0,"72":0,"73":0,"74":0,"75":0,"76":0,"77":0},"f":{"0":0,"1":0,"2":0,"3":0,"4":0,"5":0,"6":0,"7":0,"8":0,"9":0,"10":0,"11":0,"12":0,"13":0},"b":{"0":[0,0],"1":[0,0],"2":[0,0],"3":[0,0],"4":[0,0],"5":[0,0],"6":[0,0],"7":[0,0],"8":[0,0]},"meta":{"lastBranch":9,"lastFunction":14,"lastStatement":78,"seen":{"s:6:19:120:1":0,"f:6:19:6:20":0,"s:7:20:7:30":1,"s:8:33:8:46":2,"s:9:33:9:48":3,"s:10:29:10:44":4,"s:12:3:53:Infinity":5,"f:12:14:12:15":1,"b:13:8:17:Infinity:undefined:undefined:undefined:undefined":0,"s:13:8:17:Infinity":6,"s:14:12:14:Infinity":7,"s:15:12:15:Infinity":8,"s:16:12:16:Infinity":9,"s:19:26:19:60":10,"s:21:27:50:10":11,"f:21:51:21:56":2,"b:22:12:44:Infinity:undefined:undefined:undefined:undefined":1,"s:22:12:44:Infinity":12,"s:23:34:23:60":13,"b:24:16:43:Infinity:41:23:43:Infinity":2,"s:24:16:43:Infinity":14,"b:24:20:24:29:24:33:24:53":3,"s:25:40:25:116":15,"s:26:20:40:Infinity":16,"s:27:46:27:73":17,"s:28:44:35:27":18,"f:28:85:28:90":3,"s:29:43:29:72":19,"s:30:46:30:77":20,"s:31:45:31:132":21,"s:32:49:32:73":22,"s:33:28:33:Infinity":23,"s:34:28:34:Infinity":24,"s:36:24:36:Infinity":25,"s:38:25:38:Infinity":26,"s:39:25:39:Infinity":27,"s:42:20:42:Infinity":28,"s:45:12:45:Infinity":29,"f:46:11:46:12":4,"s:47:12:47:Infinity":30,"s:48:12:48:Infinity":31,"s:49:12:49:Infinity":32,"s:52:8:52:Infinity":33,"f:52:15:52:16":5,"s:52:21:52:34":34,"s:55:21:93:5":35,"f:55:21:55:26":6,"b:56:8:59:Infinity:undefined:undefined:undefined:undefined":4,"s:56:8:59:Infinity":36,"s:57:12:57:Infinity":37,"s:58:12:58:Infinity":38,"s:61:8:92:Infinity":39,"s:63:30:63:64":40,"s:64:12:66:Infinity":41,"s:68:32:68:66":42,"s:69:12:71:Infinity":43,"s:74:27:74:64":44,"s:75:30:75:62":45,"s:76:41:76:76":46,"s:79:37:79:73":47,"s:80:35:80:87":48,"f:80:61:80:64":7,"s:80:67:80:86":49,"s:81:12:81:Infinity":50,"s:84:12:84:Infinity":51,"s:87:12:87:Infinity":52,"f:87:23:87:34":8,"s:87:38:87:90":53,"f:87:57:87:63":9,"s:87:67:87:89":54,"s:90:12:90:Infinity":55,"s:91:12:91:Infinity":56,"s:95:21:105:5":57,"f:95:21:95:26":10,"b:96:8:96:Infinity:undefined:undefined:undefined:undefined":5,"s:96:8:96:Infinity":58,"s:96:18:96:Infinity":59,"s:97:26:97:77":60,"s:98:8:104:Infinity":61,"s:99:12:99:Infinity":62,"s:100:12:100:Infinity":63,"f:100:35:100:36":11,"s:100:40:100:87":64,"b:100:60:100:83:100:86:100:87":6,"s:102:12:102:Infinity":65,"s:103:12:103:Infinity":66,"s:107:23:117:5":67,"f:107:23:107:28":12,"b:108:8:108:Infinity:undefined:undefined:undefined:undefined":7,"s:108:8:108:Infinity":68,"s:108:18:108:Infinity":69,"s:109:26:109:77":70,"s:110:8:116:Infinity":71,"s:111:12:111:Infinity":72,"s:112:12:112:Infinity":73,"f:112:35:112:36":13,"s:112:40:112:88":74,"b:112:60:112:84:112:87:112:88":8,"s:114:12:114:Infinity":75,"s:115:12:115:Infinity":76,"s:119:4:119:Infinity":77}}}
,"/home/user/bonfire/src/react/hooks/useNotifications.js": {"path":"/home/user/bonfire/src/react/hooks/useNotifications.js","statementMap":{"0":{"start":{"line":3,"column":25},"end":{"line":24,"column":1}},"1":{"start":{"line":4,"column":37},"end":{"line":4,"column":71}},"2":{"start":{"line":6,"column":27},"end":{"line":11,"column":8}},"3":{"start":{"line":7,"column":4},"end":{"line":10,"column":null}},"4":{"start":{"line":8,"column":31},"end":{"line":8,"column":69}},"5":{"start":{"line":9,"column":6},"end":{"line":9,"column":null}},"6":{"start":{"line":13,"column":1},"end":{"line":15,"column":null}},"7":{"start":{"line":14,"column":4},"end":{"line":14,"column":null}},"8":{"start":{"line":17,"column":26},"end":{"line":21,"column":18}},"9":{"start":{"line":18,"column":4},"end":{"line":20,"column":null}},"10":{"start":{"line":19,"column":6},"end":{"line":19,"column":null}},"11":{"start":{"line":23,"column":2},"end":{"line":23,"column":null}}},"fnMap":{"0":{"name":"(anonymous_0)","decl":{"start":{"line":3,"column":25},"end":{"line":3,"column":26}},"loc":{"start":{"line":3,"column":31},"end":{"line":24,"column":1}},"line":3},"1":{"name":"(anonymous_1)","decl":{"start":{"line":6,"column":40},"end":{"line":6,"column":45}},"loc":{"start":{"line":6,"column":52},"end":{"line":11,"column":3}},"line":6},"2":{"name":"(anonymous_2)","decl":{"start":{"line":13,"column":12},"end":{"line":13,"column":13}},"loc":{"start":{"line":13,"column":18},"end":{"line":15,"column":3}},"line":13},"3":{"name":"(anonymous_3)","decl":{"start":{"line":17,"column":39},"end":{"line":17,"column":40}},"loc":{"start":{"line":17,"column":59},"end":{"line":21,"column":3}},"line":17}},"branchMap":{"0":{"loc":{"start":{"line":7,"column":4},"end":{"line":10,"column":null}},"type":"if","locations":[{"start":{"line":7,"column":4},"end":{"line":10,"column":null}},{"start":{},"end":{}}],"line":7},"1":{"loc":{"start":{"line":18,"column":4},"end":{"line":20,"column":null}},"type":"if","locations":[{"start":{"line":18,"column":4},"end":{"line":20,"column":null}},{"start":{},"end":{}}],"line":18}},"s":{"0":1,"1":0,"2":0,"3":0,"4":0,"5":0,"6":0,"7":0,"8":0,"9":0,"10":0,"11":0},"f":{"0":0,"1":0,"2":0,"3":0},"b":{"0":[0,0],"1":[0,0]},"meta":{"lastBranch":2,"lastFunction":4,"lastStatement":12,"seen":{"s:3:25:24:1":0,"f:3:25:3:26":0,"s:4:37:4:71":1,"s:6:27:11:8":2,"f:6:40:6:45":1,"b:7:4:10:Infinity:undefined:undefined:undefined:undefined":0,"s:7:4:10:Infinity":3,"s:8:31:8:69":4,"s:9:6:9:Infinity":5,"s:13:1:15:Infinity":6,"f:13:12:13:13":2,"s:14:4:14:Infinity":7,"s:17:26:21:18":8,"f:17:39:17:40":3,"b:18:4:20:Infinity:undefined:undefined:undefined:undefined":1,"s:18:4:20:Infinity":9,"s:19:6:19:Infinity":10,"s:23:2:23:Infinity":11}}}
}
